<?xml version="1.0" encoding="UTF-8"?>
<testsuite name="com.estacionamiento.VehiculoValidacionesTest" tests="5" skipped="0" failures="0" errors="0" timestamp="2018-07-16T23:43:41" hostname="TATIANA-ZAPATA" time="0.073">
  <properties/>
  <testcase name="ProbarDiaPermitido" classname="com.estacionamiento.VehiculoValidacionesTest" time="0.014"/>
  <testcase name="ProbarParqueaderoConEspacioParaMotos" classname="com.estacionamiento.VehiculoValidacionesTest" time="0.027"/>
  <testcase name="ProbarParqueaderoSinEspacioParaMotos" classname="com.estacionamiento.VehiculoValidacionesTest" time="0.007"/>
  <testcase name="ProbarParqueaderoSinEspacioParaCarros" classname="com.estacionamiento.VehiculoValidacionesTest" time="0.008"/>
  <testcase name="ProbarParqueaderoConEspacioParaCarros" classname="com.estacionamiento.VehiculoValidacionesTest" time="0.007"/>
  <system-out><![CDATA[2018-07-16 18:43:41.225  INFO 13264 --- [    Test worker] .b.t.c.SpringBootTestContextBootstrapper : Neither @ContextConfiguration nor @ContextHierarchy found for test class [com.estacionamiento.VehiculoValidacionesTest], using SpringBootContextLoader
2018-07-16 18:43:41.227  INFO 13264 --- [    Test worker] o.s.t.c.support.AbstractContextLoader    : Could not detect default resource locations for test class [com.estacionamiento.VehiculoValidacionesTest]: no resource found for suffixes {-context.xml, Context.groovy}.
2018-07-16 18:43:41.227  INFO 13264 --- [    Test worker] t.c.s.AnnotationConfigContextLoaderUtils : Could not detect default configuration classes for test class [com.estacionamiento.VehiculoValidacionesTest]: VehiculoValidacionesTest does not declare any static, non-private, non-final, nested classes annotated with @Configuration.
2018-07-16 18:43:41.232  INFO 13264 --- [    Test worker] .b.t.c.SpringBootTestContextBootstrapper : Found @SpringBootConfiguration com.estacionamiento.EstacionamientoApplication for test class com.estacionamiento.VehiculoValidacionesTest
2018-07-16 18:43:41.236  INFO 13264 --- [    Test worker] .b.t.c.SpringBootTestContextBootstrapper : Loaded default TestExecutionListener class names from location [META-INF/spring.factories]: [org.springframework.boot.test.autoconfigure.restdocs.RestDocsTestExecutionListener, org.springframework.boot.test.autoconfigure.web.client.MockRestServiceServerResetTestExecutionListener, org.springframework.boot.test.autoconfigure.web.servlet.MockMvcPrintOnlyOnFailureTestExecutionListener, org.springframework.boot.test.autoconfigure.web.servlet.WebDriverTestExecutionListener, org.springframework.boot.test.mock.mockito.MockitoTestExecutionListener, org.springframework.boot.test.mock.mockito.ResetMocksTestExecutionListener, org.springframework.test.context.web.ServletTestExecutionListener, org.springframework.test.context.support.DirtiesContextBeforeModesTestExecutionListener, org.springframework.test.context.support.DependencyInjectionTestExecutionListener, org.springframework.test.context.support.DirtiesContextTestExecutionListener, org.springframework.test.context.transaction.TransactionalTestExecutionListener, org.springframework.test.context.jdbc.SqlScriptsTestExecutionListener]
2018-07-16 18:43:41.237  INFO 13264 --- [    Test worker] .b.t.c.SpringBootTestContextBootstrapper : Using TestExecutionListeners: [org.springframework.test.context.web.ServletTestExecutionListener@1af2f4d, org.springframework.test.context.support.DirtiesContextBeforeModesTestExecutionListener@3bde5d, org.springframework.boot.test.mock.mockito.MockitoTestExecutionListener@797789, org.springframework.boot.test.autoconfigure.SpringBootDependencyInjectionTestExecutionListener@5c1b3c, org.springframework.test.context.support.DirtiesContextTestExecutionListener@7197bd, org.springframework.test.context.transaction.TransactionalTestExecutionListener@6c6958, org.springframework.test.context.jdbc.SqlScriptsTestExecutionListener@16888e3, org.springframework.boot.test.autoconfigure.restdocs.RestDocsTestExecutionListener@1f9f509, org.springframework.boot.test.autoconfigure.web.client.MockRestServiceServerResetTestExecutionListener@1b54774, org.springframework.boot.test.autoconfigure.web.servlet.MockMvcPrintOnlyOnFailureTestExecutionListener@28d933, org.springframework.boot.test.autoconfigure.web.servlet.WebDriverTestExecutionListener@15a6085, org.springframework.boot.test.mock.mockito.ResetMocksTestExecutionListener@1c9815a]
2018-07-16 18:43:41.268  INFO 13264 --- [    Test worker] o.s.t.c.transaction.TransactionContext   : Began transaction (1) for test context [DefaultTestContext@64ed47 testClass = VehiculoValidacionesTest, testInstance = com.estacionamiento.VehiculoValidacionesTest@14438a4, testMethod = ProbarDiaPermitido@VehiculoValidacionesTest, testException = [null], mergedContextConfiguration = [WebMergedContextConfiguration@ab19fe testClass = VehiculoValidacionesTest, locations = '{}', classes = '{class com.estacionamiento.EstacionamientoApplication}', contextInitializerClasses = '[]', activeProfiles = '{}', propertySourceLocations = '{}', propertySourceProperties = '{org.springframework.boot.test.context.SpringBootTestContextBootstrapper=true}', contextCustomizers = set[org.springframework.boot.test.autoconfigure.properties.PropertyMappingContextCustomizer@0, org.springframework.boot.test.autoconfigure.web.servlet.WebDriverContextCustomizerFactory$Customizer@11a463d, org.springframework.boot.test.context.filter.ExcludeFilterContextCustomizer@6eb391, org.springframework.boot.test.json.DuplicateJsonObjectContextCustomizerFactory$DuplicateJsonObjectContextCustomizer@16bc07c, org.springframework.boot.test.mock.mockito.MockitoContextCustomizer@0, org.springframework.boot.test.web.client.TestRestTemplateContextCustomizer@c2a10f], resourceBasePath = 'src/main/webapp', contextLoader = 'org.springframework.boot.test.context.SpringBootContextLoader', parent = [null]], attributes = map['org.springframework.test.context.web.ServletTestExecutionListener.activateListener' -> true, 'org.springframework.test.context.web.ServletTestExecutionListener.populatedRequestContextHolder' -> true, 'org.springframework.test.context.web.ServletTestExecutionListener.resetRequestContextHolder' -> true]]; transaction manager [org.springframework.orm.jpa.JpaTransactionManager@4e6819]; rollback [true]
2018-07-16 18:43:41.276  INFO 13264 --- [    Test worker] o.s.t.c.transaction.TransactionContext   : Rolled back transaction for test: [DefaultTestContext@64ed47 testClass = VehiculoValidacionesTest, testInstance = com.estacionamiento.VehiculoValidacionesTest@14438a4, testMethod = ProbarDiaPermitido@VehiculoValidacionesTest, testException = [null], mergedContextConfiguration = [WebMergedContextConfiguration@ab19fe testClass = VehiculoValidacionesTest, locations = '{}', classes = '{class com.estacionamiento.EstacionamientoApplication}', contextInitializerClasses = '[]', activeProfiles = '{}', propertySourceLocations = '{}', propertySourceProperties = '{org.springframework.boot.test.context.SpringBootTestContextBootstrapper=true}', contextCustomizers = set[org.springframework.boot.test.autoconfigure.properties.PropertyMappingContextCustomizer@0, org.springframework.boot.test.autoconfigure.web.servlet.WebDriverContextCustomizerFactory$Customizer@11a463d, org.springframework.boot.test.context.filter.ExcludeFilterContextCustomizer@6eb391, org.springframework.boot.test.json.DuplicateJsonObjectContextCustomizerFactory$DuplicateJsonObjectContextCustomizer@16bc07c, org.springframework.boot.test.mock.mockito.MockitoContextCustomizer@0, org.springframework.boot.test.web.client.TestRestTemplateContextCustomizer@c2a10f], resourceBasePath = 'src/main/webapp', contextLoader = 'org.springframework.boot.test.context.SpringBootContextLoader', parent = [null]], attributes = map['org.springframework.test.context.web.ServletTestExecutionListener.activateListener' -> true, 'org.springframework.test.context.web.ServletTestExecutionListener.populatedRequestContextHolder' -> true, 'org.springframework.test.context.web.ServletTestExecutionListener.resetRequestContextHolder' -> true]]
2018-07-16 18:43:41.285  INFO 13264 --- [    Test worker] o.s.t.c.transaction.TransactionContext   : Began transaction (1) for test context [DefaultTestContext@64ed47 testClass = VehiculoValidacionesTest, testInstance = com.estacionamiento.VehiculoValidacionesTest@3d235e, testMethod = ProbarParqueaderoConEspacioParaMotos@VehiculoValidacionesTest, testException = [null], mergedContextConfiguration = [WebMergedContextConfiguration@ab19fe testClass = VehiculoValidacionesTest, locations = '{}', classes = '{class com.estacionamiento.EstacionamientoApplication}', contextInitializerClasses = '[]', activeProfiles = '{}', propertySourceLocations = '{}', propertySourceProperties = '{org.springframework.boot.test.context.SpringBootTestContextBootstrapper=true}', contextCustomizers = set[org.springframework.boot.test.autoconfigure.properties.PropertyMappingContextCustomizer@0, org.springframework.boot.test.autoconfigure.web.servlet.WebDriverContextCustomizerFactory$Customizer@11a463d, org.springframework.boot.test.context.filter.ExcludeFilterContextCustomizer@6eb391, org.springframework.boot.test.json.DuplicateJsonObjectContextCustomizerFactory$DuplicateJsonObjectContextCustomizer@16bc07c, org.springframework.boot.test.mock.mockito.MockitoContextCustomizer@0, org.springframework.boot.test.web.client.TestRestTemplateContextCustomizer@c2a10f], resourceBasePath = 'src/main/webapp', contextLoader = 'org.springframework.boot.test.context.SpringBootContextLoader', parent = [null]], attributes = map['org.springframework.test.context.web.ServletTestExecutionListener.activateListener' -> true, 'org.springframework.test.context.web.ServletTestExecutionListener.populatedRequestContextHolder' -> true, 'org.springframework.test.context.web.ServletTestExecutionListener.resetRequestContextHolder' -> true]]; transaction manager [org.springframework.orm.jpa.JpaTransactionManager@4e6819]; rollback [true]
2018-07-16 18:43:41.308  INFO 13264 --- [    Test worker] o.s.t.c.transaction.TransactionContext   : Rolled back transaction for test: [DefaultTestContext@64ed47 testClass = VehiculoValidacionesTest, testInstance = com.estacionamiento.VehiculoValidacionesTest@3d235e, testMethod = ProbarParqueaderoConEspacioParaMotos@VehiculoValidacionesTest, testException = [null], mergedContextConfiguration = [WebMergedContextConfiguration@ab19fe testClass = VehiculoValidacionesTest, locations = '{}', classes = '{class com.estacionamiento.EstacionamientoApplication}', contextInitializerClasses = '[]', activeProfiles = '{}', propertySourceLocations = '{}', propertySourceProperties = '{org.springframework.boot.test.context.SpringBootTestContextBootstrapper=true}', contextCustomizers = set[org.springframework.boot.test.autoconfigure.properties.PropertyMappingContextCustomizer@0, org.springframework.boot.test.autoconfigure.web.servlet.WebDriverContextCustomizerFactory$Customizer@11a463d, org.springframework.boot.test.context.filter.ExcludeFilterContextCustomizer@6eb391, org.springframework.boot.test.json.DuplicateJsonObjectContextCustomizerFactory$DuplicateJsonObjectContextCustomizer@16bc07c, org.springframework.boot.test.mock.mockito.MockitoContextCustomizer@0, org.springframework.boot.test.web.client.TestRestTemplateContextCustomizer@c2a10f], resourceBasePath = 'src/main/webapp', contextLoader = 'org.springframework.boot.test.context.SpringBootContextLoader', parent = [null]], attributes = map['org.springframework.test.context.web.ServletTestExecutionListener.activateListener' -> true, 'org.springframework.test.context.web.ServletTestExecutionListener.populatedRequestContextHolder' -> true, 'org.springframework.test.context.web.ServletTestExecutionListener.resetRequestContextHolder' -> true]]
2018-07-16 18:43:41.312  INFO 13264 --- [    Test worker] o.s.t.c.transaction.TransactionContext   : Began transaction (1) for test context [DefaultTestContext@64ed47 testClass = VehiculoValidacionesTest, testInstance = com.estacionamiento.VehiculoValidacionesTest@149c9dd, testMethod = ProbarParqueaderoSinEspacioParaMotos@VehiculoValidacionesTest, testException = [null], mergedContextConfiguration = [WebMergedContextConfiguration@ab19fe testClass = VehiculoValidacionesTest, locations = '{}', classes = '{class com.estacionamiento.EstacionamientoApplication}', contextInitializerClasses = '[]', activeProfiles = '{}', propertySourceLocations = '{}', propertySourceProperties = '{org.springframework.boot.test.context.SpringBootTestContextBootstrapper=true}', contextCustomizers = set[org.springframework.boot.test.autoconfigure.properties.PropertyMappingContextCustomizer@0, org.springframework.boot.test.autoconfigure.web.servlet.WebDriverContextCustomizerFactory$Customizer@11a463d, org.springframework.boot.test.context.filter.ExcludeFilterContextCustomizer@6eb391, org.springframework.boot.test.json.DuplicateJsonObjectContextCustomizerFactory$DuplicateJsonObjectContextCustomizer@16bc07c, org.springframework.boot.test.mock.mockito.MockitoContextCustomizer@0, org.springframework.boot.test.web.client.TestRestTemplateContextCustomizer@c2a10f], resourceBasePath = 'src/main/webapp', contextLoader = 'org.springframework.boot.test.context.SpringBootContextLoader', parent = [null]], attributes = map['org.springframework.test.context.web.ServletTestExecutionListener.activateListener' -> true, 'org.springframework.test.context.web.ServletTestExecutionListener.populatedRequestContextHolder' -> true, 'org.springframework.test.context.web.ServletTestExecutionListener.resetRequestContextHolder' -> true]]; transaction manager [org.springframework.orm.jpa.JpaTransactionManager@4e6819]; rollback [true]
2018-07-16 18:43:41.317  INFO 13264 --- [    Test worker] o.s.t.c.transaction.TransactionContext   : Rolled back transaction for test: [DefaultTestContext@64ed47 testClass = VehiculoValidacionesTest, testInstance = com.estacionamiento.VehiculoValidacionesTest@149c9dd, testMethod = ProbarParqueaderoSinEspacioParaMotos@VehiculoValidacionesTest, testException = [null], mergedContextConfiguration = [WebMergedContextConfiguration@ab19fe testClass = VehiculoValidacionesTest, locations = '{}', classes = '{class com.estacionamiento.EstacionamientoApplication}', contextInitializerClasses = '[]', activeProfiles = '{}', propertySourceLocations = '{}', propertySourceProperties = '{org.springframework.boot.test.context.SpringBootTestContextBootstrapper=true}', contextCustomizers = set[org.springframework.boot.test.autoconfigure.properties.PropertyMappingContextCustomizer@0, org.springframework.boot.test.autoconfigure.web.servlet.WebDriverContextCustomizerFactory$Customizer@11a463d, org.springframework.boot.test.context.filter.ExcludeFilterContextCustomizer@6eb391, org.springframework.boot.test.json.DuplicateJsonObjectContextCustomizerFactory$DuplicateJsonObjectContextCustomizer@16bc07c, org.springframework.boot.test.mock.mockito.MockitoContextCustomizer@0, org.springframework.boot.test.web.client.TestRestTemplateContextCustomizer@c2a10f], resourceBasePath = 'src/main/webapp', contextLoader = 'org.springframework.boot.test.context.SpringBootContextLoader', parent = [null]], attributes = map['org.springframework.test.context.web.ServletTestExecutionListener.activateListener' -> true, 'org.springframework.test.context.web.ServletTestExecutionListener.populatedRequestContextHolder' -> true, 'org.springframework.test.context.web.ServletTestExecutionListener.resetRequestContextHolder' -> true]]
2018-07-16 18:43:41.322  INFO 13264 --- [    Test worker] o.s.t.c.transaction.TransactionContext   : Began transaction (1) for test context [DefaultTestContext@64ed47 testClass = VehiculoValidacionesTest, testInstance = com.estacionamiento.VehiculoValidacionesTest@4a8a47, testMethod = ProbarParqueaderoSinEspacioParaCarros@VehiculoValidacionesTest, testException = [null], mergedContextConfiguration = [WebMergedContextConfiguration@ab19fe testClass = VehiculoValidacionesTest, locations = '{}', classes = '{class com.estacionamiento.EstacionamientoApplication}', contextInitializerClasses = '[]', activeProfiles = '{}', propertySourceLocations = '{}', propertySourceProperties = '{org.springframework.boot.test.context.SpringBootTestContextBootstrapper=true}', contextCustomizers = set[org.springframework.boot.test.autoconfigure.properties.PropertyMappingContextCustomizer@0, org.springframework.boot.test.autoconfigure.web.servlet.WebDriverContextCustomizerFactory$Customizer@11a463d, org.springframework.boot.test.context.filter.ExcludeFilterContextCustomizer@6eb391, org.springframework.boot.test.json.DuplicateJsonObjectContextCustomizerFactory$DuplicateJsonObjectContextCustomizer@16bc07c, org.springframework.boot.test.mock.mockito.MockitoContextCustomizer@0, org.springframework.boot.test.web.client.TestRestTemplateContextCustomizer@c2a10f], resourceBasePath = 'src/main/webapp', contextLoader = 'org.springframework.boot.test.context.SpringBootContextLoader', parent = [null]], attributes = map['org.springframework.test.context.web.ServletTestExecutionListener.activateListener' -> true, 'org.springframework.test.context.web.ServletTestExecutionListener.populatedRequestContextHolder' -> true, 'org.springframework.test.context.web.ServletTestExecutionListener.resetRequestContextHolder' -> true]]; transaction manager [org.springframework.orm.jpa.JpaTransactionManager@4e6819]; rollback [true]
2018-07-16 18:43:41.327  INFO 13264 --- [    Test worker] o.s.t.c.transaction.TransactionContext   : Rolled back transaction for test: [DefaultTestContext@64ed47 testClass = VehiculoValidacionesTest, testInstance = com.estacionamiento.VehiculoValidacionesTest@4a8a47, testMethod = ProbarParqueaderoSinEspacioParaCarros@VehiculoValidacionesTest, testException = [null], mergedContextConfiguration = [WebMergedContextConfiguration@ab19fe testClass = VehiculoValidacionesTest, locations = '{}', classes = '{class com.estacionamiento.EstacionamientoApplication}', contextInitializerClasses = '[]', activeProfiles = '{}', propertySourceLocations = '{}', propertySourceProperties = '{org.springframework.boot.test.context.SpringBootTestContextBootstrapper=true}', contextCustomizers = set[org.springframework.boot.test.autoconfigure.properties.PropertyMappingContextCustomizer@0, org.springframework.boot.test.autoconfigure.web.servlet.WebDriverContextCustomizerFactory$Customizer@11a463d, org.springframework.boot.test.context.filter.ExcludeFilterContextCustomizer@6eb391, org.springframework.boot.test.json.DuplicateJsonObjectContextCustomizerFactory$DuplicateJsonObjectContextCustomizer@16bc07c, org.springframework.boot.test.mock.mockito.MockitoContextCustomizer@0, org.springframework.boot.test.web.client.TestRestTemplateContextCustomizer@c2a10f], resourceBasePath = 'src/main/webapp', contextLoader = 'org.springframework.boot.test.context.SpringBootContextLoader', parent = [null]], attributes = map['org.springframework.test.context.web.ServletTestExecutionListener.activateListener' -> true, 'org.springframework.test.context.web.ServletTestExecutionListener.populatedRequestContextHolder' -> true, 'org.springframework.test.context.web.ServletTestExecutionListener.resetRequestContextHolder' -> true]]
2018-07-16 18:43:41.330  INFO 13264 --- [    Test worker] o.s.t.c.transaction.TransactionContext   : Began transaction (1) for test context [DefaultTestContext@64ed47 testClass = VehiculoValidacionesTest, testInstance = com.estacionamiento.VehiculoValidacionesTest@1a8828c, testMethod = ProbarParqueaderoConEspacioParaCarros@VehiculoValidacionesTest, testException = [null], mergedContextConfiguration = [WebMergedContextConfiguration@ab19fe testClass = VehiculoValidacionesTest, locations = '{}', classes = '{class com.estacionamiento.EstacionamientoApplication}', contextInitializerClasses = '[]', activeProfiles = '{}', propertySourceLocations = '{}', propertySourceProperties = '{org.springframework.boot.test.context.SpringBootTestContextBootstrapper=true}', contextCustomizers = set[org.springframework.boot.test.autoconfigure.properties.PropertyMappingContextCustomizer@0, org.springframework.boot.test.autoconfigure.web.servlet.WebDriverContextCustomizerFactory$Customizer@11a463d, org.springframework.boot.test.context.filter.ExcludeFilterContextCustomizer@6eb391, org.springframework.boot.test.json.DuplicateJsonObjectContextCustomizerFactory$DuplicateJsonObjectContextCustomizer@16bc07c, org.springframework.boot.test.mock.mockito.MockitoContextCustomizer@0, org.springframework.boot.test.web.client.TestRestTemplateContextCustomizer@c2a10f], resourceBasePath = 'src/main/webapp', contextLoader = 'org.springframework.boot.test.context.SpringBootContextLoader', parent = [null]], attributes = map['org.springframework.test.context.web.ServletTestExecutionListener.activateListener' -> true, 'org.springframework.test.context.web.ServletTestExecutionListener.populatedRequestContextHolder' -> true, 'org.springframework.test.context.web.ServletTestExecutionListener.resetRequestContextHolder' -> true]]; transaction manager [org.springframework.orm.jpa.JpaTransactionManager@4e6819]; rollback [true]
2018-07-16 18:43:41.335  INFO 13264 --- [    Test worker] o.s.t.c.transaction.TransactionContext   : Rolled back transaction for test: [DefaultTestContext@64ed47 testClass = VehiculoValidacionesTest, testInstance = com.estacionamiento.VehiculoValidacionesTest@1a8828c, testMethod = ProbarParqueaderoConEspacioParaCarros@VehiculoValidacionesTest, testException = [null], mergedContextConfiguration = [WebMergedContextConfiguration@ab19fe testClass = VehiculoValidacionesTest, locations = '{}', classes = '{class com.estacionamiento.EstacionamientoApplication}', contextInitializerClasses = '[]', activeProfiles = '{}', propertySourceLocations = '{}', propertySourceProperties = '{org.springframework.boot.test.context.SpringBootTestContextBootstrapper=true}', contextCustomizers = set[org.springframework.boot.test.autoconfigure.properties.PropertyMappingContextCustomizer@0, org.springframework.boot.test.autoconfigure.web.servlet.WebDriverContextCustomizerFactory$Customizer@11a463d, org.springframework.boot.test.context.filter.ExcludeFilterContextCustomizer@6eb391, org.springframework.boot.test.json.DuplicateJsonObjectContextCustomizerFactory$DuplicateJsonObjectContextCustomizer@16bc07c, org.springframework.boot.test.mock.mockito.MockitoContextCustomizer@0, org.springframework.boot.test.web.client.TestRestTemplateContextCustomizer@c2a10f], resourceBasePath = 'src/main/webapp', contextLoader = 'org.springframework.boot.test.context.SpringBootContextLoader', parent = [null]], attributes = map['org.springframework.test.context.web.ServletTestExecutionListener.activateListener' -> true, 'org.springframework.test.context.web.ServletTestExecutionListener.populatedRequestContextHolder' -> true, 'org.springframework.test.context.web.ServletTestExecutionListener.resetRequestContextHolder' -> true]]
]]></system-out>
  <system-err><![CDATA[]]></system-err>
</testsuite>
