<?xml version="1.0" encoding="UTF-8"?>
<testsuite name="com.estacionamiento.VehiculoValidacionesTest" tests="6" skipped="0" failures="0" errors="0" timestamp="2018-07-23T16:28:29" hostname="TATIANA-ZAPATA" time="0.064">
  <properties/>
  <testcase name="ProbarDiaPermitido" classname="com.estacionamiento.VehiculoValidacionesTest" time="0.008"/>
  <testcase name="ProbarParqueaderoConEspacioParaMotos" classname="com.estacionamiento.VehiculoValidacionesTest" time="0.025"/>
  <testcase name="ProbarParqueaderoSinEspacioParaMotos" classname="com.estacionamiento.VehiculoValidacionesTest" time="0.006"/>
  <testcase name="ProbarParqueaderoSinEspacioParaCarros" classname="com.estacionamiento.VehiculoValidacionesTest" time="0.006"/>
  <testcase name="ProbarParqueaderoConEspacioParaCarros" classname="com.estacionamiento.VehiculoValidacionesTest" time="0.006"/>
  <testcase name="ValidarPlacaA" classname="com.estacionamiento.VehiculoValidacionesTest" time="0.005"/>
  <system-out><![CDATA[2018-07-23 11:28:29.025  INFO 13468 --- [    Test worker] .b.t.c.SpringBootTestContextBootstrapper : Neither @ContextConfiguration nor @ContextHierarchy found for test class [com.estacionamiento.VehiculoValidacionesTest], using SpringBootContextLoader
2018-07-23 11:28:29.025  INFO 13468 --- [    Test worker] o.s.t.c.support.AbstractContextLoader    : Could not detect default resource locations for test class [com.estacionamiento.VehiculoValidacionesTest]: no resource found for suffixes {-context.xml, Context.groovy}.
2018-07-23 11:28:29.026  INFO 13468 --- [    Test worker] t.c.s.AnnotationConfigContextLoaderUtils : Could not detect default configuration classes for test class [com.estacionamiento.VehiculoValidacionesTest]: VehiculoValidacionesTest does not declare any static, non-private, non-final, nested classes annotated with @Configuration.
2018-07-23 11:28:29.027  INFO 13468 --- [    Test worker] .b.t.c.SpringBootTestContextBootstrapper : Found @SpringBootConfiguration com.estacionamiento.EstacionamientoApplication for test class com.estacionamiento.VehiculoValidacionesTest
2018-07-23 11:28:29.029  INFO 13468 --- [    Test worker] .b.t.c.SpringBootTestContextBootstrapper : Loaded default TestExecutionListener class names from location [META-INF/spring.factories]: [org.springframework.boot.test.autoconfigure.restdocs.RestDocsTestExecutionListener, org.springframework.boot.test.autoconfigure.web.client.MockRestServiceServerResetTestExecutionListener, org.springframework.boot.test.autoconfigure.web.servlet.MockMvcPrintOnlyOnFailureTestExecutionListener, org.springframework.boot.test.autoconfigure.web.servlet.WebDriverTestExecutionListener, org.springframework.boot.test.mock.mockito.MockitoTestExecutionListener, org.springframework.boot.test.mock.mockito.ResetMocksTestExecutionListener, org.springframework.test.context.web.ServletTestExecutionListener, org.springframework.test.context.support.DirtiesContextBeforeModesTestExecutionListener, org.springframework.test.context.support.DependencyInjectionTestExecutionListener, org.springframework.test.context.support.DirtiesContextTestExecutionListener, org.springframework.test.context.transaction.TransactionalTestExecutionListener, org.springframework.test.context.jdbc.SqlScriptsTestExecutionListener]
2018-07-23 11:28:29.029  INFO 13468 --- [    Test worker] .b.t.c.SpringBootTestContextBootstrapper : Using TestExecutionListeners: [org.springframework.test.context.web.ServletTestExecutionListener@31e81d, org.springframework.test.context.support.DirtiesContextBeforeModesTestExecutionListener@1f30f73, org.springframework.boot.test.mock.mockito.MockitoTestExecutionListener@1da8506, org.springframework.boot.test.autoconfigure.SpringBootDependencyInjectionTestExecutionListener@14394bf, org.springframework.test.context.support.DirtiesContextTestExecutionListener@b9f74a, org.springframework.test.context.transaction.TransactionalTestExecutionListener@17ceb39, org.springframework.test.context.jdbc.SqlScriptsTestExecutionListener@93a6a5, org.springframework.boot.test.autoconfigure.restdocs.RestDocsTestExecutionListener@1fe25e4, org.springframework.boot.test.autoconfigure.web.client.MockRestServiceServerResetTestExecutionListener@2e99f6, org.springframework.boot.test.autoconfigure.web.servlet.MockMvcPrintOnlyOnFailureTestExecutionListener@bd9d69, org.springframework.boot.test.autoconfigure.web.servlet.WebDriverTestExecutionListener@1caa115, org.springframework.boot.test.mock.mockito.ResetMocksTestExecutionListener@12d7b8d]
2018-07-23 11:28:29.961  INFO 13468 --- [    Test worker] o.s.t.c.transaction.TransactionContext   : Began transaction (1) for test context [DefaultTestContext@1513708 testClass = VehiculoValidacionesTest, testInstance = com.estacionamiento.VehiculoValidacionesTest@1f4a818, testMethod = ProbarDiaPermitido@VehiculoValidacionesTest, testException = [null], mergedContextConfiguration = [WebMergedContextConfiguration@1477b09 testClass = VehiculoValidacionesTest, locations = '{}', classes = '{class com.estacionamiento.EstacionamientoApplication}', contextInitializerClasses = '[]', activeProfiles = '{}', propertySourceLocations = '{}', propertySourceProperties = '{org.springframework.boot.test.context.SpringBootTestContextBootstrapper=true}', contextCustomizers = set[org.springframework.boot.test.autoconfigure.properties.PropertyMappingContextCustomizer@0, org.springframework.boot.test.autoconfigure.web.servlet.WebDriverContextCustomizerFactory$Customizer@4de09, org.springframework.boot.test.context.filter.ExcludeFilterContextCustomizer@1deabff, org.springframework.boot.test.json.DuplicateJsonObjectContextCustomizerFactory$DuplicateJsonObjectContextCustomizer@6ce0f0, org.springframework.boot.test.mock.mockito.MockitoContextCustomizer@0, org.springframework.boot.test.web.client.TestRestTemplateContextCustomizer@127f096], resourceBasePath = 'src/main/webapp', contextLoader = 'org.springframework.boot.test.context.SpringBootContextLoader', parent = [null]], attributes = map['org.springframework.test.context.web.ServletTestExecutionListener.activateListener' -> true, 'org.springframework.test.context.web.ServletTestExecutionListener.populatedRequestContextHolder' -> true, 'org.springframework.test.context.web.ServletTestExecutionListener.resetRequestContextHolder' -> true]]; transaction manager [org.springframework.orm.jpa.JpaTransactionManager@ca2b55]; rollback [true]
2018-07-23 11:28:29.967  INFO 13468 --- [    Test worker] o.s.t.c.transaction.TransactionContext   : Rolled back transaction for test: [DefaultTestContext@1513708 testClass = VehiculoValidacionesTest, testInstance = com.estacionamiento.VehiculoValidacionesTest@1f4a818, testMethod = ProbarDiaPermitido@VehiculoValidacionesTest, testException = [null], mergedContextConfiguration = [WebMergedContextConfiguration@1477b09 testClass = VehiculoValidacionesTest, locations = '{}', classes = '{class com.estacionamiento.EstacionamientoApplication}', contextInitializerClasses = '[]', activeProfiles = '{}', propertySourceLocations = '{}', propertySourceProperties = '{org.springframework.boot.test.context.SpringBootTestContextBootstrapper=true}', contextCustomizers = set[org.springframework.boot.test.autoconfigure.properties.PropertyMappingContextCustomizer@0, org.springframework.boot.test.autoconfigure.web.servlet.WebDriverContextCustomizerFactory$Customizer@4de09, org.springframework.boot.test.context.filter.ExcludeFilterContextCustomizer@1deabff, org.springframework.boot.test.json.DuplicateJsonObjectContextCustomizerFactory$DuplicateJsonObjectContextCustomizer@6ce0f0, org.springframework.boot.test.mock.mockito.MockitoContextCustomizer@0, org.springframework.boot.test.web.client.TestRestTemplateContextCustomizer@127f096], resourceBasePath = 'src/main/webapp', contextLoader = 'org.springframework.boot.test.context.SpringBootContextLoader', parent = [null]], attributes = map['org.springframework.test.context.web.ServletTestExecutionListener.activateListener' -> true, 'org.springframework.test.context.web.ServletTestExecutionListener.populatedRequestContextHolder' -> true, 'org.springframework.test.context.web.ServletTestExecutionListener.resetRequestContextHolder' -> true]]
2018-07-23 11:28:29.971  INFO 13468 --- [    Test worker] o.s.t.c.transaction.TransactionContext   : Began transaction (1) for test context [DefaultTestContext@1513708 testClass = VehiculoValidacionesTest, testInstance = com.estacionamiento.VehiculoValidacionesTest@1d3215, testMethod = ProbarParqueaderoConEspacioParaMotos@VehiculoValidacionesTest, testException = [null], mergedContextConfiguration = [WebMergedContextConfiguration@1477b09 testClass = VehiculoValidacionesTest, locations = '{}', classes = '{class com.estacionamiento.EstacionamientoApplication}', contextInitializerClasses = '[]', activeProfiles = '{}', propertySourceLocations = '{}', propertySourceProperties = '{org.springframework.boot.test.context.SpringBootTestContextBootstrapper=true}', contextCustomizers = set[org.springframework.boot.test.autoconfigure.properties.PropertyMappingContextCustomizer@0, org.springframework.boot.test.autoconfigure.web.servlet.WebDriverContextCustomizerFactory$Customizer@4de09, org.springframework.boot.test.context.filter.ExcludeFilterContextCustomizer@1deabff, org.springframework.boot.test.json.DuplicateJsonObjectContextCustomizerFactory$DuplicateJsonObjectContextCustomizer@6ce0f0, org.springframework.boot.test.mock.mockito.MockitoContextCustomizer@0, org.springframework.boot.test.web.client.TestRestTemplateContextCustomizer@127f096], resourceBasePath = 'src/main/webapp', contextLoader = 'org.springframework.boot.test.context.SpringBootContextLoader', parent = [null]], attributes = map['org.springframework.test.context.web.ServletTestExecutionListener.activateListener' -> true, 'org.springframework.test.context.web.ServletTestExecutionListener.populatedRequestContextHolder' -> true, 'org.springframework.test.context.web.ServletTestExecutionListener.resetRequestContextHolder' -> true]]; transaction manager [org.springframework.orm.jpa.JpaTransactionManager@ca2b55]; rollback [true]
2018-07-23 11:28:29.994  INFO 13468 --- [    Test worker] o.s.t.c.transaction.TransactionContext   : Rolled back transaction for test: [DefaultTestContext@1513708 testClass = VehiculoValidacionesTest, testInstance = com.estacionamiento.VehiculoValidacionesTest@1d3215, testMethod = ProbarParqueaderoConEspacioParaMotos@VehiculoValidacionesTest, testException = [null], mergedContextConfiguration = [WebMergedContextConfiguration@1477b09 testClass = VehiculoValidacionesTest, locations = '{}', classes = '{class com.estacionamiento.EstacionamientoApplication}', contextInitializerClasses = '[]', activeProfiles = '{}', propertySourceLocations = '{}', propertySourceProperties = '{org.springframework.boot.test.context.SpringBootTestContextBootstrapper=true}', contextCustomizers = set[org.springframework.boot.test.autoconfigure.properties.PropertyMappingContextCustomizer@0, org.springframework.boot.test.autoconfigure.web.servlet.WebDriverContextCustomizerFactory$Customizer@4de09, org.springframework.boot.test.context.filter.ExcludeFilterContextCustomizer@1deabff, org.springframework.boot.test.json.DuplicateJsonObjectContextCustomizerFactory$DuplicateJsonObjectContextCustomizer@6ce0f0, org.springframework.boot.test.mock.mockito.MockitoContextCustomizer@0, org.springframework.boot.test.web.client.TestRestTemplateContextCustomizer@127f096], resourceBasePath = 'src/main/webapp', contextLoader = 'org.springframework.boot.test.context.SpringBootContextLoader', parent = [null]], attributes = map['org.springframework.test.context.web.ServletTestExecutionListener.activateListener' -> true, 'org.springframework.test.context.web.ServletTestExecutionListener.populatedRequestContextHolder' -> true, 'org.springframework.test.context.web.ServletTestExecutionListener.resetRequestContextHolder' -> true]]
2018-07-23 11:28:29.997  INFO 13468 --- [    Test worker] o.s.t.c.transaction.TransactionContext   : Began transaction (1) for test context [DefaultTestContext@1513708 testClass = VehiculoValidacionesTest, testInstance = com.estacionamiento.VehiculoValidacionesTest@1f185d, testMethod = ProbarParqueaderoSinEspacioParaMotos@VehiculoValidacionesTest, testException = [null], mergedContextConfiguration = [WebMergedContextConfiguration@1477b09 testClass = VehiculoValidacionesTest, locations = '{}', classes = '{class com.estacionamiento.EstacionamientoApplication}', contextInitializerClasses = '[]', activeProfiles = '{}', propertySourceLocations = '{}', propertySourceProperties = '{org.springframework.boot.test.context.SpringBootTestContextBootstrapper=true}', contextCustomizers = set[org.springframework.boot.test.autoconfigure.properties.PropertyMappingContextCustomizer@0, org.springframework.boot.test.autoconfigure.web.servlet.WebDriverContextCustomizerFactory$Customizer@4de09, org.springframework.boot.test.context.filter.ExcludeFilterContextCustomizer@1deabff, org.springframework.boot.test.json.DuplicateJsonObjectContextCustomizerFactory$DuplicateJsonObjectContextCustomizer@6ce0f0, org.springframework.boot.test.mock.mockito.MockitoContextCustomizer@0, org.springframework.boot.test.web.client.TestRestTemplateContextCustomizer@127f096], resourceBasePath = 'src/main/webapp', contextLoader = 'org.springframework.boot.test.context.SpringBootContextLoader', parent = [null]], attributes = map['org.springframework.test.context.web.ServletTestExecutionListener.activateListener' -> true, 'org.springframework.test.context.web.ServletTestExecutionListener.populatedRequestContextHolder' -> true, 'org.springframework.test.context.web.ServletTestExecutionListener.resetRequestContextHolder' -> true]]; transaction manager [org.springframework.orm.jpa.JpaTransactionManager@ca2b55]; rollback [true]
2018-07-23 11:28:30.002  INFO 13468 --- [    Test worker] o.s.t.c.transaction.TransactionContext   : Rolled back transaction for test: [DefaultTestContext@1513708 testClass = VehiculoValidacionesTest, testInstance = com.estacionamiento.VehiculoValidacionesTest@1f185d, testMethod = ProbarParqueaderoSinEspacioParaMotos@VehiculoValidacionesTest, testException = [null], mergedContextConfiguration = [WebMergedContextConfiguration@1477b09 testClass = VehiculoValidacionesTest, locations = '{}', classes = '{class com.estacionamiento.EstacionamientoApplication}', contextInitializerClasses = '[]', activeProfiles = '{}', propertySourceLocations = '{}', propertySourceProperties = '{org.springframework.boot.test.context.SpringBootTestContextBootstrapper=true}', contextCustomizers = set[org.springframework.boot.test.autoconfigure.properties.PropertyMappingContextCustomizer@0, org.springframework.boot.test.autoconfigure.web.servlet.WebDriverContextCustomizerFactory$Customizer@4de09, org.springframework.boot.test.context.filter.ExcludeFilterContextCustomizer@1deabff, org.springframework.boot.test.json.DuplicateJsonObjectContextCustomizerFactory$DuplicateJsonObjectContextCustomizer@6ce0f0, org.springframework.boot.test.mock.mockito.MockitoContextCustomizer@0, org.springframework.boot.test.web.client.TestRestTemplateContextCustomizer@127f096], resourceBasePath = 'src/main/webapp', contextLoader = 'org.springframework.boot.test.context.SpringBootContextLoader', parent = [null]], attributes = map['org.springframework.test.context.web.ServletTestExecutionListener.activateListener' -> true, 'org.springframework.test.context.web.ServletTestExecutionListener.populatedRequestContextHolder' -> true, 'org.springframework.test.context.web.ServletTestExecutionListener.resetRequestContextHolder' -> true]]
2018-07-23 11:28:30.004  INFO 13468 --- [    Test worker] o.s.t.c.transaction.TransactionContext   : Began transaction (1) for test context [DefaultTestContext@1513708 testClass = VehiculoValidacionesTest, testInstance = com.estacionamiento.VehiculoValidacionesTest@181f384, testMethod = ProbarParqueaderoSinEspacioParaCarros@VehiculoValidacionesTest, testException = [null], mergedContextConfiguration = [WebMergedContextConfiguration@1477b09 testClass = VehiculoValidacionesTest, locations = '{}', classes = '{class com.estacionamiento.EstacionamientoApplication}', contextInitializerClasses = '[]', activeProfiles = '{}', propertySourceLocations = '{}', propertySourceProperties = '{org.springframework.boot.test.context.SpringBootTestContextBootstrapper=true}', contextCustomizers = set[org.springframework.boot.test.autoconfigure.properties.PropertyMappingContextCustomizer@0, org.springframework.boot.test.autoconfigure.web.servlet.WebDriverContextCustomizerFactory$Customizer@4de09, org.springframework.boot.test.context.filter.ExcludeFilterContextCustomizer@1deabff, org.springframework.boot.test.json.DuplicateJsonObjectContextCustomizerFactory$DuplicateJsonObjectContextCustomizer@6ce0f0, org.springframework.boot.test.mock.mockito.MockitoContextCustomizer@0, org.springframework.boot.test.web.client.TestRestTemplateContextCustomizer@127f096], resourceBasePath = 'src/main/webapp', contextLoader = 'org.springframework.boot.test.context.SpringBootContextLoader', parent = [null]], attributes = map['org.springframework.test.context.web.ServletTestExecutionListener.activateListener' -> true, 'org.springframework.test.context.web.ServletTestExecutionListener.populatedRequestContextHolder' -> true, 'org.springframework.test.context.web.ServletTestExecutionListener.resetRequestContextHolder' -> true]]; transaction manager [org.springframework.orm.jpa.JpaTransactionManager@ca2b55]; rollback [true]
2018-07-23 11:28:30.008  INFO 13468 --- [    Test worker] o.s.t.c.transaction.TransactionContext   : Rolled back transaction for test: [DefaultTestContext@1513708 testClass = VehiculoValidacionesTest, testInstance = com.estacionamiento.VehiculoValidacionesTest@181f384, testMethod = ProbarParqueaderoSinEspacioParaCarros@VehiculoValidacionesTest, testException = [null], mergedContextConfiguration = [WebMergedContextConfiguration@1477b09 testClass = VehiculoValidacionesTest, locations = '{}', classes = '{class com.estacionamiento.EstacionamientoApplication}', contextInitializerClasses = '[]', activeProfiles = '{}', propertySourceLocations = '{}', propertySourceProperties = '{org.springframework.boot.test.context.SpringBootTestContextBootstrapper=true}', contextCustomizers = set[org.springframework.boot.test.autoconfigure.properties.PropertyMappingContextCustomizer@0, org.springframework.boot.test.autoconfigure.web.servlet.WebDriverContextCustomizerFactory$Customizer@4de09, org.springframework.boot.test.context.filter.ExcludeFilterContextCustomizer@1deabff, org.springframework.boot.test.json.DuplicateJsonObjectContextCustomizerFactory$DuplicateJsonObjectContextCustomizer@6ce0f0, org.springframework.boot.test.mock.mockito.MockitoContextCustomizer@0, org.springframework.boot.test.web.client.TestRestTemplateContextCustomizer@127f096], resourceBasePath = 'src/main/webapp', contextLoader = 'org.springframework.boot.test.context.SpringBootContextLoader', parent = [null]], attributes = map['org.springframework.test.context.web.ServletTestExecutionListener.activateListener' -> true, 'org.springframework.test.context.web.ServletTestExecutionListener.populatedRequestContextHolder' -> true, 'org.springframework.test.context.web.ServletTestExecutionListener.resetRequestContextHolder' -> true]]
2018-07-23 11:28:30.011  INFO 13468 --- [    Test worker] o.s.t.c.transaction.TransactionContext   : Began transaction (1) for test context [DefaultTestContext@1513708 testClass = VehiculoValidacionesTest, testInstance = com.estacionamiento.VehiculoValidacionesTest@1b6d8c2, testMethod = ProbarParqueaderoConEspacioParaCarros@VehiculoValidacionesTest, testException = [null], mergedContextConfiguration = [WebMergedContextConfiguration@1477b09 testClass = VehiculoValidacionesTest, locations = '{}', classes = '{class com.estacionamiento.EstacionamientoApplication}', contextInitializerClasses = '[]', activeProfiles = '{}', propertySourceLocations = '{}', propertySourceProperties = '{org.springframework.boot.test.context.SpringBootTestContextBootstrapper=true}', contextCustomizers = set[org.springframework.boot.test.autoconfigure.properties.PropertyMappingContextCustomizer@0, org.springframework.boot.test.autoconfigure.web.servlet.WebDriverContextCustomizerFactory$Customizer@4de09, org.springframework.boot.test.context.filter.ExcludeFilterContextCustomizer@1deabff, org.springframework.boot.test.json.DuplicateJsonObjectContextCustomizerFactory$DuplicateJsonObjectContextCustomizer@6ce0f0, org.springframework.boot.test.mock.mockito.MockitoContextCustomizer@0, org.springframework.boot.test.web.client.TestRestTemplateContextCustomizer@127f096], resourceBasePath = 'src/main/webapp', contextLoader = 'org.springframework.boot.test.context.SpringBootContextLoader', parent = [null]], attributes = map['org.springframework.test.context.web.ServletTestExecutionListener.activateListener' -> true, 'org.springframework.test.context.web.ServletTestExecutionListener.populatedRequestContextHolder' -> true, 'org.springframework.test.context.web.ServletTestExecutionListener.resetRequestContextHolder' -> true]]; transaction manager [org.springframework.orm.jpa.JpaTransactionManager@ca2b55]; rollback [true]
2018-07-23 11:28:30.015  INFO 13468 --- [    Test worker] o.s.t.c.transaction.TransactionContext   : Rolled back transaction for test: [DefaultTestContext@1513708 testClass = VehiculoValidacionesTest, testInstance = com.estacionamiento.VehiculoValidacionesTest@1b6d8c2, testMethod = ProbarParqueaderoConEspacioParaCarros@VehiculoValidacionesTest, testException = [null], mergedContextConfiguration = [WebMergedContextConfiguration@1477b09 testClass = VehiculoValidacionesTest, locations = '{}', classes = '{class com.estacionamiento.EstacionamientoApplication}', contextInitializerClasses = '[]', activeProfiles = '{}', propertySourceLocations = '{}', propertySourceProperties = '{org.springframework.boot.test.context.SpringBootTestContextBootstrapper=true}', contextCustomizers = set[org.springframework.boot.test.autoconfigure.properties.PropertyMappingContextCustomizer@0, org.springframework.boot.test.autoconfigure.web.servlet.WebDriverContextCustomizerFactory$Customizer@4de09, org.springframework.boot.test.context.filter.ExcludeFilterContextCustomizer@1deabff, org.springframework.boot.test.json.DuplicateJsonObjectContextCustomizerFactory$DuplicateJsonObjectContextCustomizer@6ce0f0, org.springframework.boot.test.mock.mockito.MockitoContextCustomizer@0, org.springframework.boot.test.web.client.TestRestTemplateContextCustomizer@127f096], resourceBasePath = 'src/main/webapp', contextLoader = 'org.springframework.boot.test.context.SpringBootContextLoader', parent = [null]], attributes = map['org.springframework.test.context.web.ServletTestExecutionListener.activateListener' -> true, 'org.springframework.test.context.web.ServletTestExecutionListener.populatedRequestContextHolder' -> true, 'org.springframework.test.context.web.ServletTestExecutionListener.resetRequestContextHolder' -> true]]
2018-07-23 11:28:30.019  INFO 13468 --- [    Test worker] o.s.t.c.transaction.TransactionContext   : Began transaction (1) for test context [DefaultTestContext@1513708 testClass = VehiculoValidacionesTest, testInstance = com.estacionamiento.VehiculoValidacionesTest@b4b1cb, testMethod = ValidarPlacaA@VehiculoValidacionesTest, testException = [null], mergedContextConfiguration = [WebMergedContextConfiguration@1477b09 testClass = VehiculoValidacionesTest, locations = '{}', classes = '{class com.estacionamiento.EstacionamientoApplication}', contextInitializerClasses = '[]', activeProfiles = '{}', propertySourceLocations = '{}', propertySourceProperties = '{org.springframework.boot.test.context.SpringBootTestContextBootstrapper=true}', contextCustomizers = set[org.springframework.boot.test.autoconfigure.properties.PropertyMappingContextCustomizer@0, org.springframework.boot.test.autoconfigure.web.servlet.WebDriverContextCustomizerFactory$Customizer@4de09, org.springframework.boot.test.context.filter.ExcludeFilterContextCustomizer@1deabff, org.springframework.boot.test.json.DuplicateJsonObjectContextCustomizerFactory$DuplicateJsonObjectContextCustomizer@6ce0f0, org.springframework.boot.test.mock.mockito.MockitoContextCustomizer@0, org.springframework.boot.test.web.client.TestRestTemplateContextCustomizer@127f096], resourceBasePath = 'src/main/webapp', contextLoader = 'org.springframework.boot.test.context.SpringBootContextLoader', parent = [null]], attributes = map['org.springframework.test.context.web.ServletTestExecutionListener.activateListener' -> true, 'org.springframework.test.context.web.ServletTestExecutionListener.populatedRequestContextHolder' -> true, 'org.springframework.test.context.web.ServletTestExecutionListener.resetRequestContextHolder' -> true]]; transaction manager [org.springframework.orm.jpa.JpaTransactionManager@ca2b55]; rollback [true]
2018-07-23 11:28:30.023  INFO 13468 --- [    Test worker] o.s.t.c.transaction.TransactionContext   : Rolled back transaction for test: [DefaultTestContext@1513708 testClass = VehiculoValidacionesTest, testInstance = com.estacionamiento.VehiculoValidacionesTest@b4b1cb, testMethod = ValidarPlacaA@VehiculoValidacionesTest, testException = [null], mergedContextConfiguration = [WebMergedContextConfiguration@1477b09 testClass = VehiculoValidacionesTest, locations = '{}', classes = '{class com.estacionamiento.EstacionamientoApplication}', contextInitializerClasses = '[]', activeProfiles = '{}', propertySourceLocations = '{}', propertySourceProperties = '{org.springframework.boot.test.context.SpringBootTestContextBootstrapper=true}', contextCustomizers = set[org.springframework.boot.test.autoconfigure.properties.PropertyMappingContextCustomizer@0, org.springframework.boot.test.autoconfigure.web.servlet.WebDriverContextCustomizerFactory$Customizer@4de09, org.springframework.boot.test.context.filter.ExcludeFilterContextCustomizer@1deabff, org.springframework.boot.test.json.DuplicateJsonObjectContextCustomizerFactory$DuplicateJsonObjectContextCustomizer@6ce0f0, org.springframework.boot.test.mock.mockito.MockitoContextCustomizer@0, org.springframework.boot.test.web.client.TestRestTemplateContextCustomizer@127f096], resourceBasePath = 'src/main/webapp', contextLoader = 'org.springframework.boot.test.context.SpringBootContextLoader', parent = [null]], attributes = map['org.springframework.test.context.web.ServletTestExecutionListener.activateListener' -> true, 'org.springframework.test.context.web.ServletTestExecutionListener.populatedRequestContextHolder' -> true, 'org.springframework.test.context.web.ServletTestExecutionListener.resetRequestContextHolder' -> true]]
]]></system-out>
  <system-err><![CDATA[]]></system-err>
</testsuite>
