<?xml version="1.0" encoding="UTF-8"?>
<testsuite name="com.estacionamiento.VehiculoValidacionesTest" tests="5" skipped="0" failures="0" errors="0" timestamp="2018-07-23T12:48:48" hostname="TATIANA-ZAPATA" time="0.05">
  <properties/>
  <testcase name="ProbarDiaPermitido" classname="com.estacionamiento.VehiculoValidacionesTest" time="0.011"/>
  <testcase name="ProbarParqueaderoConEspacioParaMotos" classname="com.estacionamiento.VehiculoValidacionesTest" time="0.019"/>
  <testcase name="ProbarParqueaderoSinEspacioParaMotos" classname="com.estacionamiento.VehiculoValidacionesTest" time="0.004"/>
  <testcase name="ProbarParqueaderoSinEspacioParaCarros" classname="com.estacionamiento.VehiculoValidacionesTest" time="0.004"/>
  <testcase name="ProbarParqueaderoConEspacioParaCarros" classname="com.estacionamiento.VehiculoValidacionesTest" time="0.004"/>
  <system-out><![CDATA[2018-07-23 07:48:47.933  INFO 3292 --- [    Test worker] .b.t.c.SpringBootTestContextBootstrapper : Neither @ContextConfiguration nor @ContextHierarchy found for test class [com.estacionamiento.VehiculoValidacionesTest], using SpringBootContextLoader
2018-07-23 07:48:47.934  INFO 3292 --- [    Test worker] o.s.t.c.support.AbstractContextLoader    : Could not detect default resource locations for test class [com.estacionamiento.VehiculoValidacionesTest]: no resource found for suffixes {-context.xml, Context.groovy}.
2018-07-23 07:48:47.934  INFO 3292 --- [    Test worker] t.c.s.AnnotationConfigContextLoaderUtils : Could not detect default configuration classes for test class [com.estacionamiento.VehiculoValidacionesTest]: VehiculoValidacionesTest does not declare any static, non-private, non-final, nested classes annotated with @Configuration.
2018-07-23 07:48:47.937  INFO 3292 --- [    Test worker] .b.t.c.SpringBootTestContextBootstrapper : Found @SpringBootConfiguration com.estacionamiento.EstacionamientoApplication for test class com.estacionamiento.VehiculoValidacionesTest
2018-07-23 07:48:47.939  INFO 3292 --- [    Test worker] .b.t.c.SpringBootTestContextBootstrapper : Loaded default TestExecutionListener class names from location [META-INF/spring.factories]: [org.springframework.boot.test.autoconfigure.restdocs.RestDocsTestExecutionListener, org.springframework.boot.test.autoconfigure.web.client.MockRestServiceServerResetTestExecutionListener, org.springframework.boot.test.autoconfigure.web.servlet.MockMvcPrintOnlyOnFailureTestExecutionListener, org.springframework.boot.test.autoconfigure.web.servlet.WebDriverTestExecutionListener, org.springframework.boot.test.mock.mockito.MockitoTestExecutionListener, org.springframework.boot.test.mock.mockito.ResetMocksTestExecutionListener, org.springframework.test.context.web.ServletTestExecutionListener, org.springframework.test.context.support.DirtiesContextBeforeModesTestExecutionListener, org.springframework.test.context.support.DependencyInjectionTestExecutionListener, org.springframework.test.context.support.DirtiesContextTestExecutionListener, org.springframework.test.context.transaction.TransactionalTestExecutionListener, org.springframework.test.context.jdbc.SqlScriptsTestExecutionListener]
2018-07-23 07:48:47.939  INFO 3292 --- [    Test worker] .b.t.c.SpringBootTestContextBootstrapper : Using TestExecutionListeners: [org.springframework.test.context.web.ServletTestExecutionListener@6b3f1f, org.springframework.test.context.support.DirtiesContextBeforeModesTestExecutionListener@1811b3d, org.springframework.boot.test.mock.mockito.MockitoTestExecutionListener@1d60c11, org.springframework.boot.test.autoconfigure.SpringBootDependencyInjectionTestExecutionListener@1ffad1d, org.springframework.test.context.support.DirtiesContextTestExecutionListener@9bf43a, org.springframework.test.context.transaction.TransactionalTestExecutionListener@1104ce7, org.springframework.test.context.jdbc.SqlScriptsTestExecutionListener@137710, org.springframework.boot.test.autoconfigure.restdocs.RestDocsTestExecutionListener@16ba8a, org.springframework.boot.test.autoconfigure.web.client.MockRestServiceServerResetTestExecutionListener@16ba916, org.springframework.boot.test.autoconfigure.web.servlet.MockMvcPrintOnlyOnFailureTestExecutionListener@d5afe8, org.springframework.boot.test.autoconfigure.web.servlet.WebDriverTestExecutionListener@11bef55, org.springframework.boot.test.mock.mockito.ResetMocksTestExecutionListener@d7d6]
2018-07-23 07:48:48.581  INFO 3292 --- [    Test worker] o.s.t.c.transaction.TransactionContext   : Began transaction (1) for test context [DefaultTestContext@3423e testClass = VehiculoValidacionesTest, testInstance = com.estacionamiento.VehiculoValidacionesTest@2e06b7, testMethod = ProbarDiaPermitido@VehiculoValidacionesTest, testException = [null], mergedContextConfiguration = [WebMergedContextConfiguration@19e14f6 testClass = VehiculoValidacionesTest, locations = '{}', classes = '{class com.estacionamiento.EstacionamientoApplication}', contextInitializerClasses = '[]', activeProfiles = '{}', propertySourceLocations = '{}', propertySourceProperties = '{org.springframework.boot.test.context.SpringBootTestContextBootstrapper=true}', contextCustomizers = set[org.springframework.boot.test.autoconfigure.properties.PropertyMappingContextCustomizer@0, org.springframework.boot.test.autoconfigure.web.servlet.WebDriverContextCustomizerFactory$Customizer@aba664, org.springframework.boot.test.context.filter.ExcludeFilterContextCustomizer@1cd2701, org.springframework.boot.test.json.DuplicateJsonObjectContextCustomizerFactory$DuplicateJsonObjectContextCustomizer@ad618b, org.springframework.boot.test.mock.mockito.MockitoContextCustomizer@0, org.springframework.boot.test.web.client.TestRestTemplateContextCustomizer@1c1d4b2], resourceBasePath = 'src/main/webapp', contextLoader = 'org.springframework.boot.test.context.SpringBootContextLoader', parent = [null]], attributes = map['org.springframework.test.context.web.ServletTestExecutionListener.activateListener' -> true, 'org.springframework.test.context.web.ServletTestExecutionListener.populatedRequestContextHolder' -> true, 'org.springframework.test.context.web.ServletTestExecutionListener.resetRequestContextHolder' -> true]]; transaction manager [org.springframework.orm.jpa.JpaTransactionManager@4f15b4]; rollback [true]
2018-07-23 07:48:48.590  INFO 3292 --- [    Test worker] o.s.t.c.transaction.TransactionContext   : Rolled back transaction for test: [DefaultTestContext@3423e testClass = VehiculoValidacionesTest, testInstance = com.estacionamiento.VehiculoValidacionesTest@2e06b7, testMethod = ProbarDiaPermitido@VehiculoValidacionesTest, testException = [null], mergedContextConfiguration = [WebMergedContextConfiguration@19e14f6 testClass = VehiculoValidacionesTest, locations = '{}', classes = '{class com.estacionamiento.EstacionamientoApplication}', contextInitializerClasses = '[]', activeProfiles = '{}', propertySourceLocations = '{}', propertySourceProperties = '{org.springframework.boot.test.context.SpringBootTestContextBootstrapper=true}', contextCustomizers = set[org.springframework.boot.test.autoconfigure.properties.PropertyMappingContextCustomizer@0, org.springframework.boot.test.autoconfigure.web.servlet.WebDriverContextCustomizerFactory$Customizer@aba664, org.springframework.boot.test.context.filter.ExcludeFilterContextCustomizer@1cd2701, org.springframework.boot.test.json.DuplicateJsonObjectContextCustomizerFactory$DuplicateJsonObjectContextCustomizer@ad618b, org.springframework.boot.test.mock.mockito.MockitoContextCustomizer@0, org.springframework.boot.test.web.client.TestRestTemplateContextCustomizer@1c1d4b2], resourceBasePath = 'src/main/webapp', contextLoader = 'org.springframework.boot.test.context.SpringBootContextLoader', parent = [null]], attributes = map['org.springframework.test.context.web.ServletTestExecutionListener.activateListener' -> true, 'org.springframework.test.context.web.ServletTestExecutionListener.populatedRequestContextHolder' -> true, 'org.springframework.test.context.web.ServletTestExecutionListener.resetRequestContextHolder' -> true]]
2018-07-23 07:48:48.595  INFO 3292 --- [    Test worker] o.s.t.c.transaction.TransactionContext   : Began transaction (1) for test context [DefaultTestContext@3423e testClass = VehiculoValidacionesTest, testInstance = com.estacionamiento.VehiculoValidacionesTest@fd84e6, testMethod = ProbarParqueaderoConEspacioParaMotos@VehiculoValidacionesTest, testException = [null], mergedContextConfiguration = [WebMergedContextConfiguration@19e14f6 testClass = VehiculoValidacionesTest, locations = '{}', classes = '{class com.estacionamiento.EstacionamientoApplication}', contextInitializerClasses = '[]', activeProfiles = '{}', propertySourceLocations = '{}', propertySourceProperties = '{org.springframework.boot.test.context.SpringBootTestContextBootstrapper=true}', contextCustomizers = set[org.springframework.boot.test.autoconfigure.properties.PropertyMappingContextCustomizer@0, org.springframework.boot.test.autoconfigure.web.servlet.WebDriverContextCustomizerFactory$Customizer@aba664, org.springframework.boot.test.context.filter.ExcludeFilterContextCustomizer@1cd2701, org.springframework.boot.test.json.DuplicateJsonObjectContextCustomizerFactory$DuplicateJsonObjectContextCustomizer@ad618b, org.springframework.boot.test.mock.mockito.MockitoContextCustomizer@0, org.springframework.boot.test.web.client.TestRestTemplateContextCustomizer@1c1d4b2], resourceBasePath = 'src/main/webapp', contextLoader = 'org.springframework.boot.test.context.SpringBootContextLoader', parent = [null]], attributes = map['org.springframework.test.context.web.ServletTestExecutionListener.activateListener' -> true, 'org.springframework.test.context.web.ServletTestExecutionListener.populatedRequestContextHolder' -> true, 'org.springframework.test.context.web.ServletTestExecutionListener.resetRequestContextHolder' -> true]]; transaction manager [org.springframework.orm.jpa.JpaTransactionManager@4f15b4]; rollback [true]
2018-07-23 07:48:48.612  INFO 3292 --- [    Test worker] o.s.t.c.transaction.TransactionContext   : Rolled back transaction for test: [DefaultTestContext@3423e testClass = VehiculoValidacionesTest, testInstance = com.estacionamiento.VehiculoValidacionesTest@fd84e6, testMethod = ProbarParqueaderoConEspacioParaMotos@VehiculoValidacionesTest, testException = [null], mergedContextConfiguration = [WebMergedContextConfiguration@19e14f6 testClass = VehiculoValidacionesTest, locations = '{}', classes = '{class com.estacionamiento.EstacionamientoApplication}', contextInitializerClasses = '[]', activeProfiles = '{}', propertySourceLocations = '{}', propertySourceProperties = '{org.springframework.boot.test.context.SpringBootTestContextBootstrapper=true}', contextCustomizers = set[org.springframework.boot.test.autoconfigure.properties.PropertyMappingContextCustomizer@0, org.springframework.boot.test.autoconfigure.web.servlet.WebDriverContextCustomizerFactory$Customizer@aba664, org.springframework.boot.test.context.filter.ExcludeFilterContextCustomizer@1cd2701, org.springframework.boot.test.json.DuplicateJsonObjectContextCustomizerFactory$DuplicateJsonObjectContextCustomizer@ad618b, org.springframework.boot.test.mock.mockito.MockitoContextCustomizer@0, org.springframework.boot.test.web.client.TestRestTemplateContextCustomizer@1c1d4b2], resourceBasePath = 'src/main/webapp', contextLoader = 'org.springframework.boot.test.context.SpringBootContextLoader', parent = [null]], attributes = map['org.springframework.test.context.web.ServletTestExecutionListener.activateListener' -> true, 'org.springframework.test.context.web.ServletTestExecutionListener.populatedRequestContextHolder' -> true, 'org.springframework.test.context.web.ServletTestExecutionListener.resetRequestContextHolder' -> true]]
2018-07-23 07:48:48.615  INFO 3292 --- [    Test worker] o.s.t.c.transaction.TransactionContext   : Began transaction (1) for test context [DefaultTestContext@3423e testClass = VehiculoValidacionesTest, testInstance = com.estacionamiento.VehiculoValidacionesTest@1f67e0d, testMethod = ProbarParqueaderoSinEspacioParaMotos@VehiculoValidacionesTest, testException = [null], mergedContextConfiguration = [WebMergedContextConfiguration@19e14f6 testClass = VehiculoValidacionesTest, locations = '{}', classes = '{class com.estacionamiento.EstacionamientoApplication}', contextInitializerClasses = '[]', activeProfiles = '{}', propertySourceLocations = '{}', propertySourceProperties = '{org.springframework.boot.test.context.SpringBootTestContextBootstrapper=true}', contextCustomizers = set[org.springframework.boot.test.autoconfigure.properties.PropertyMappingContextCustomizer@0, org.springframework.boot.test.autoconfigure.web.servlet.WebDriverContextCustomizerFactory$Customizer@aba664, org.springframework.boot.test.context.filter.ExcludeFilterContextCustomizer@1cd2701, org.springframework.boot.test.json.DuplicateJsonObjectContextCustomizerFactory$DuplicateJsonObjectContextCustomizer@ad618b, org.springframework.boot.test.mock.mockito.MockitoContextCustomizer@0, org.springframework.boot.test.web.client.TestRestTemplateContextCustomizer@1c1d4b2], resourceBasePath = 'src/main/webapp', contextLoader = 'org.springframework.boot.test.context.SpringBootContextLoader', parent = [null]], attributes = map['org.springframework.test.context.web.ServletTestExecutionListener.activateListener' -> true, 'org.springframework.test.context.web.ServletTestExecutionListener.populatedRequestContextHolder' -> true, 'org.springframework.test.context.web.ServletTestExecutionListener.resetRequestContextHolder' -> true]]; transaction manager [org.springframework.orm.jpa.JpaTransactionManager@4f15b4]; rollback [true]
2018-07-23 07:48:48.618  INFO 3292 --- [    Test worker] o.s.t.c.transaction.TransactionContext   : Rolled back transaction for test: [DefaultTestContext@3423e testClass = VehiculoValidacionesTest, testInstance = com.estacionamiento.VehiculoValidacionesTest@1f67e0d, testMethod = ProbarParqueaderoSinEspacioParaMotos@VehiculoValidacionesTest, testException = [null], mergedContextConfiguration = [WebMergedContextConfiguration@19e14f6 testClass = VehiculoValidacionesTest, locations = '{}', classes = '{class com.estacionamiento.EstacionamientoApplication}', contextInitializerClasses = '[]', activeProfiles = '{}', propertySourceLocations = '{}', propertySourceProperties = '{org.springframework.boot.test.context.SpringBootTestContextBootstrapper=true}', contextCustomizers = set[org.springframework.boot.test.autoconfigure.properties.PropertyMappingContextCustomizer@0, org.springframework.boot.test.autoconfigure.web.servlet.WebDriverContextCustomizerFactory$Customizer@aba664, org.springframework.boot.test.context.filter.ExcludeFilterContextCustomizer@1cd2701, org.springframework.boot.test.json.DuplicateJsonObjectContextCustomizerFactory$DuplicateJsonObjectContextCustomizer@ad618b, org.springframework.boot.test.mock.mockito.MockitoContextCustomizer@0, org.springframework.boot.test.web.client.TestRestTemplateContextCustomizer@1c1d4b2], resourceBasePath = 'src/main/webapp', contextLoader = 'org.springframework.boot.test.context.SpringBootContextLoader', parent = [null]], attributes = map['org.springframework.test.context.web.ServletTestExecutionListener.activateListener' -> true, 'org.springframework.test.context.web.ServletTestExecutionListener.populatedRequestContextHolder' -> true, 'org.springframework.test.context.web.ServletTestExecutionListener.resetRequestContextHolder' -> true]]
2018-07-23 07:48:48.621  INFO 3292 --- [    Test worker] o.s.t.c.transaction.TransactionContext   : Began transaction (1) for test context [DefaultTestContext@3423e testClass = VehiculoValidacionesTest, testInstance = com.estacionamiento.VehiculoValidacionesTest@14cc71d, testMethod = ProbarParqueaderoSinEspacioParaCarros@VehiculoValidacionesTest, testException = [null], mergedContextConfiguration = [WebMergedContextConfiguration@19e14f6 testClass = VehiculoValidacionesTest, locations = '{}', classes = '{class com.estacionamiento.EstacionamientoApplication}', contextInitializerClasses = '[]', activeProfiles = '{}', propertySourceLocations = '{}', propertySourceProperties = '{org.springframework.boot.test.context.SpringBootTestContextBootstrapper=true}', contextCustomizers = set[org.springframework.boot.test.autoconfigure.properties.PropertyMappingContextCustomizer@0, org.springframework.boot.test.autoconfigure.web.servlet.WebDriverContextCustomizerFactory$Customizer@aba664, org.springframework.boot.test.context.filter.ExcludeFilterContextCustomizer@1cd2701, org.springframework.boot.test.json.DuplicateJsonObjectContextCustomizerFactory$DuplicateJsonObjectContextCustomizer@ad618b, org.springframework.boot.test.mock.mockito.MockitoContextCustomizer@0, org.springframework.boot.test.web.client.TestRestTemplateContextCustomizer@1c1d4b2], resourceBasePath = 'src/main/webapp', contextLoader = 'org.springframework.boot.test.context.SpringBootContextLoader', parent = [null]], attributes = map['org.springframework.test.context.web.ServletTestExecutionListener.activateListener' -> true, 'org.springframework.test.context.web.ServletTestExecutionListener.populatedRequestContextHolder' -> true, 'org.springframework.test.context.web.ServletTestExecutionListener.resetRequestContextHolder' -> true]]; transaction manager [org.springframework.orm.jpa.JpaTransactionManager@4f15b4]; rollback [true]
2018-07-23 07:48:48.624  INFO 3292 --- [    Test worker] o.s.t.c.transaction.TransactionContext   : Rolled back transaction for test: [DefaultTestContext@3423e testClass = VehiculoValidacionesTest, testInstance = com.estacionamiento.VehiculoValidacionesTest@14cc71d, testMethod = ProbarParqueaderoSinEspacioParaCarros@VehiculoValidacionesTest, testException = [null], mergedContextConfiguration = [WebMergedContextConfiguration@19e14f6 testClass = VehiculoValidacionesTest, locations = '{}', classes = '{class com.estacionamiento.EstacionamientoApplication}', contextInitializerClasses = '[]', activeProfiles = '{}', propertySourceLocations = '{}', propertySourceProperties = '{org.springframework.boot.test.context.SpringBootTestContextBootstrapper=true}', contextCustomizers = set[org.springframework.boot.test.autoconfigure.properties.PropertyMappingContextCustomizer@0, org.springframework.boot.test.autoconfigure.web.servlet.WebDriverContextCustomizerFactory$Customizer@aba664, org.springframework.boot.test.context.filter.ExcludeFilterContextCustomizer@1cd2701, org.springframework.boot.test.json.DuplicateJsonObjectContextCustomizerFactory$DuplicateJsonObjectContextCustomizer@ad618b, org.springframework.boot.test.mock.mockito.MockitoContextCustomizer@0, org.springframework.boot.test.web.client.TestRestTemplateContextCustomizer@1c1d4b2], resourceBasePath = 'src/main/webapp', contextLoader = 'org.springframework.boot.test.context.SpringBootContextLoader', parent = [null]], attributes = map['org.springframework.test.context.web.ServletTestExecutionListener.activateListener' -> true, 'org.springframework.test.context.web.ServletTestExecutionListener.populatedRequestContextHolder' -> true, 'org.springframework.test.context.web.ServletTestExecutionListener.resetRequestContextHolder' -> true]]
2018-07-23 07:48:48.626  INFO 3292 --- [    Test worker] o.s.t.c.transaction.TransactionContext   : Began transaction (1) for test context [DefaultTestContext@3423e testClass = VehiculoValidacionesTest, testInstance = com.estacionamiento.VehiculoValidacionesTest@470ea0, testMethod = ProbarParqueaderoConEspacioParaCarros@VehiculoValidacionesTest, testException = [null], mergedContextConfiguration = [WebMergedContextConfiguration@19e14f6 testClass = VehiculoValidacionesTest, locations = '{}', classes = '{class com.estacionamiento.EstacionamientoApplication}', contextInitializerClasses = '[]', activeProfiles = '{}', propertySourceLocations = '{}', propertySourceProperties = '{org.springframework.boot.test.context.SpringBootTestContextBootstrapper=true}', contextCustomizers = set[org.springframework.boot.test.autoconfigure.properties.PropertyMappingContextCustomizer@0, org.springframework.boot.test.autoconfigure.web.servlet.WebDriverContextCustomizerFactory$Customizer@aba664, org.springframework.boot.test.context.filter.ExcludeFilterContextCustomizer@1cd2701, org.springframework.boot.test.json.DuplicateJsonObjectContextCustomizerFactory$DuplicateJsonObjectContextCustomizer@ad618b, org.springframework.boot.test.mock.mockito.MockitoContextCustomizer@0, org.springframework.boot.test.web.client.TestRestTemplateContextCustomizer@1c1d4b2], resourceBasePath = 'src/main/webapp', contextLoader = 'org.springframework.boot.test.context.SpringBootContextLoader', parent = [null]], attributes = map['org.springframework.test.context.web.ServletTestExecutionListener.activateListener' -> true, 'org.springframework.test.context.web.ServletTestExecutionListener.populatedRequestContextHolder' -> true, 'org.springframework.test.context.web.ServletTestExecutionListener.resetRequestContextHolder' -> true]]; transaction manager [org.springframework.orm.jpa.JpaTransactionManager@4f15b4]; rollback [true]
2018-07-23 07:48:48.629  INFO 3292 --- [    Test worker] o.s.t.c.transaction.TransactionContext   : Rolled back transaction for test: [DefaultTestContext@3423e testClass = VehiculoValidacionesTest, testInstance = com.estacionamiento.VehiculoValidacionesTest@470ea0, testMethod = ProbarParqueaderoConEspacioParaCarros@VehiculoValidacionesTest, testException = [null], mergedContextConfiguration = [WebMergedContextConfiguration@19e14f6 testClass = VehiculoValidacionesTest, locations = '{}', classes = '{class com.estacionamiento.EstacionamientoApplication}', contextInitializerClasses = '[]', activeProfiles = '{}', propertySourceLocations = '{}', propertySourceProperties = '{org.springframework.boot.test.context.SpringBootTestContextBootstrapper=true}', contextCustomizers = set[org.springframework.boot.test.autoconfigure.properties.PropertyMappingContextCustomizer@0, org.springframework.boot.test.autoconfigure.web.servlet.WebDriverContextCustomizerFactory$Customizer@aba664, org.springframework.boot.test.context.filter.ExcludeFilterContextCustomizer@1cd2701, org.springframework.boot.test.json.DuplicateJsonObjectContextCustomizerFactory$DuplicateJsonObjectContextCustomizer@ad618b, org.springframework.boot.test.mock.mockito.MockitoContextCustomizer@0, org.springframework.boot.test.web.client.TestRestTemplateContextCustomizer@1c1d4b2], resourceBasePath = 'src/main/webapp', contextLoader = 'org.springframework.boot.test.context.SpringBootContextLoader', parent = [null]], attributes = map['org.springframework.test.context.web.ServletTestExecutionListener.activateListener' -> true, 'org.springframework.test.context.web.ServletTestExecutionListener.populatedRequestContextHolder' -> true, 'org.springframework.test.context.web.ServletTestExecutionListener.resetRequestContextHolder' -> true]]
]]></system-out>
  <system-err><![CDATA[]]></system-err>
</testsuite>
