<?xml version="1.0" encoding="UTF-8"?>
<testsuite name="com.estacionamiento.VehiculoValidacionesTest" tests="5" skipped="0" failures="0" errors="0" timestamp="2018-07-22T02:42:37" hostname="DESKTOP-UVI7B2K" time="0.049">
  <properties/>
  <testcase name="ProbarDiaPermitido" classname="com.estacionamiento.VehiculoValidacionesTest" time="0.005"/>
  <testcase name="ProbarParqueaderoConEspacioParaMotos" classname="com.estacionamiento.VehiculoValidacionesTest" time="0.02"/>
  <testcase name="ProbarParqueaderoSinEspacioParaMotos" classname="com.estacionamiento.VehiculoValidacionesTest" time="0.006"/>
  <testcase name="ProbarParqueaderoSinEspacioParaCarros" classname="com.estacionamiento.VehiculoValidacionesTest" time="0.006"/>
  <testcase name="ProbarParqueaderoConEspacioParaCarros" classname="com.estacionamiento.VehiculoValidacionesTest" time="0.007"/>
  <system-out><![CDATA[2018-07-21 21:42:36.861  INFO 10476 --- [    Test worker] .b.t.c.SpringBootTestContextBootstrapper : Neither @ContextConfiguration nor @ContextHierarchy found for test class [com.estacionamiento.VehiculoValidacionesTest], using SpringBootContextLoader
2018-07-21 21:42:36.862  INFO 10476 --- [    Test worker] o.s.t.c.support.AbstractContextLoader    : Could not detect default resource locations for test class [com.estacionamiento.VehiculoValidacionesTest]: no resource found for suffixes {-context.xml, Context.groovy}.
2018-07-21 21:42:36.862  INFO 10476 --- [    Test worker] t.c.s.AnnotationConfigContextLoaderUtils : Could not detect default configuration classes for test class [com.estacionamiento.VehiculoValidacionesTest]: VehiculoValidacionesTest does not declare any static, non-private, non-final, nested classes annotated with @Configuration.
2018-07-21 21:42:36.864  INFO 10476 --- [    Test worker] .b.t.c.SpringBootTestContextBootstrapper : Found @SpringBootConfiguration com.estacionamiento.EstacionamientoApplication for test class com.estacionamiento.VehiculoValidacionesTest
2018-07-21 21:42:36.866  INFO 10476 --- [    Test worker] .b.t.c.SpringBootTestContextBootstrapper : Loaded default TestExecutionListener class names from location [META-INF/spring.factories]: [org.springframework.boot.test.autoconfigure.restdocs.RestDocsTestExecutionListener, org.springframework.boot.test.autoconfigure.web.client.MockRestServiceServerResetTestExecutionListener, org.springframework.boot.test.autoconfigure.web.servlet.MockMvcPrintOnlyOnFailureTestExecutionListener, org.springframework.boot.test.autoconfigure.web.servlet.WebDriverTestExecutionListener, org.springframework.boot.test.mock.mockito.MockitoTestExecutionListener, org.springframework.boot.test.mock.mockito.ResetMocksTestExecutionListener, org.springframework.test.context.web.ServletTestExecutionListener, org.springframework.test.context.support.DirtiesContextBeforeModesTestExecutionListener, org.springframework.test.context.support.DependencyInjectionTestExecutionListener, org.springframework.test.context.support.DirtiesContextTestExecutionListener, org.springframework.test.context.transaction.TransactionalTestExecutionListener, org.springframework.test.context.jdbc.SqlScriptsTestExecutionListener]
2018-07-21 21:42:36.866  INFO 10476 --- [    Test worker] .b.t.c.SpringBootTestContextBootstrapper : Using TestExecutionListeners: [org.springframework.test.context.web.ServletTestExecutionListener@35f6e3fc, org.springframework.test.context.support.DirtiesContextBeforeModesTestExecutionListener@421d1882, org.springframework.boot.test.mock.mockito.MockitoTestExecutionListener@632bc8e3, org.springframework.boot.test.autoconfigure.SpringBootDependencyInjectionTestExecutionListener@76b3616d, org.springframework.test.context.support.DirtiesContextTestExecutionListener@74588544, org.springframework.test.context.transaction.TransactionalTestExecutionListener@5e2b5a45, org.springframework.test.context.jdbc.SqlScriptsTestExecutionListener@637afdb3, org.springframework.boot.test.autoconfigure.restdocs.RestDocsTestExecutionListener@e2f50b8, org.springframework.boot.test.autoconfigure.web.client.MockRestServiceServerResetTestExecutionListener@3eed869c, org.springframework.boot.test.autoconfigure.web.servlet.MockMvcPrintOnlyOnFailureTestExecutionListener@3a901a76, org.springframework.boot.test.autoconfigure.web.servlet.WebDriverTestExecutionListener@e33eff2, org.springframework.boot.test.mock.mockito.ResetMocksTestExecutionListener@7aedd41c]
2018-07-21 21:42:37.443  INFO 10476 --- [    Test worker] o.s.t.c.transaction.TransactionContext   : Began transaction (1) for test context [DefaultTestContext@262eb804 testClass = VehiculoValidacionesTest, testInstance = com.estacionamiento.VehiculoValidacionesTest@4087663f, testMethod = ProbarDiaPermitido@VehiculoValidacionesTest, testException = [null], mergedContextConfiguration = [WebMergedContextConfiguration@abd7646 testClass = VehiculoValidacionesTest, locations = '{}', classes = '{class com.estacionamiento.EstacionamientoApplication}', contextInitializerClasses = '[]', activeProfiles = '{}', propertySourceLocations = '{}', propertySourceProperties = '{org.springframework.boot.test.context.SpringBootTestContextBootstrapper=true}', contextCustomizers = set[org.springframework.boot.test.autoconfigure.properties.PropertyMappingContextCustomizer@0, org.springframework.boot.test.autoconfigure.web.servlet.WebDriverContextCustomizerFactory$Customizer@228f3069, org.springframework.boot.test.context.filter.ExcludeFilterContextCustomizer@ca88936, org.springframework.boot.test.json.DuplicateJsonObjectContextCustomizerFactory$DuplicateJsonObjectContextCustomizer@19dcd5f0, org.springframework.boot.test.mock.mockito.MockitoContextCustomizer@0, org.springframework.boot.test.web.client.TestRestTemplateContextCustomizer@63a52d6b], resourceBasePath = 'src/main/webapp', contextLoader = 'org.springframework.boot.test.context.SpringBootContextLoader', parent = [null]], attributes = map['org.springframework.test.context.web.ServletTestExecutionListener.activateListener' -> true, 'org.springframework.test.context.web.ServletTestExecutionListener.populatedRequestContextHolder' -> true, 'org.springframework.test.context.web.ServletTestExecutionListener.resetRequestContextHolder' -> true]]; transaction manager [org.springframework.orm.jpa.JpaTransactionManager@16433db6]; rollback [true]
2018-07-21 21:42:37.447  INFO 10476 --- [    Test worker] o.s.t.c.transaction.TransactionContext   : Rolled back transaction for test: [DefaultTestContext@262eb804 testClass = VehiculoValidacionesTest, testInstance = com.estacionamiento.VehiculoValidacionesTest@4087663f, testMethod = ProbarDiaPermitido@VehiculoValidacionesTest, testException = [null], mergedContextConfiguration = [WebMergedContextConfiguration@abd7646 testClass = VehiculoValidacionesTest, locations = '{}', classes = '{class com.estacionamiento.EstacionamientoApplication}', contextInitializerClasses = '[]', activeProfiles = '{}', propertySourceLocations = '{}', propertySourceProperties = '{org.springframework.boot.test.context.SpringBootTestContextBootstrapper=true}', contextCustomizers = set[org.springframework.boot.test.autoconfigure.properties.PropertyMappingContextCustomizer@0, org.springframework.boot.test.autoconfigure.web.servlet.WebDriverContextCustomizerFactory$Customizer@228f3069, org.springframework.boot.test.context.filter.ExcludeFilterContextCustomizer@ca88936, org.springframework.boot.test.json.DuplicateJsonObjectContextCustomizerFactory$DuplicateJsonObjectContextCustomizer@19dcd5f0, org.springframework.boot.test.mock.mockito.MockitoContextCustomizer@0, org.springframework.boot.test.web.client.TestRestTemplateContextCustomizer@63a52d6b], resourceBasePath = 'src/main/webapp', contextLoader = 'org.springframework.boot.test.context.SpringBootContextLoader', parent = [null]], attributes = map['org.springframework.test.context.web.ServletTestExecutionListener.activateListener' -> true, 'org.springframework.test.context.web.ServletTestExecutionListener.populatedRequestContextHolder' -> true, 'org.springframework.test.context.web.ServletTestExecutionListener.resetRequestContextHolder' -> true]]
2018-07-21 21:42:37.450  INFO 10476 --- [    Test worker] o.s.t.c.transaction.TransactionContext   : Began transaction (1) for test context [DefaultTestContext@262eb804 testClass = VehiculoValidacionesTest, testInstance = com.estacionamiento.VehiculoValidacionesTest@490568de, testMethod = ProbarParqueaderoConEspacioParaMotos@VehiculoValidacionesTest, testException = [null], mergedContextConfiguration = [WebMergedContextConfiguration@abd7646 testClass = VehiculoValidacionesTest, locations = '{}', classes = '{class com.estacionamiento.EstacionamientoApplication}', contextInitializerClasses = '[]', activeProfiles = '{}', propertySourceLocations = '{}', propertySourceProperties = '{org.springframework.boot.test.context.SpringBootTestContextBootstrapper=true}', contextCustomizers = set[org.springframework.boot.test.autoconfigure.properties.PropertyMappingContextCustomizer@0, org.springframework.boot.test.autoconfigure.web.servlet.WebDriverContextCustomizerFactory$Customizer@228f3069, org.springframework.boot.test.context.filter.ExcludeFilterContextCustomizer@ca88936, org.springframework.boot.test.json.DuplicateJsonObjectContextCustomizerFactory$DuplicateJsonObjectContextCustomizer@19dcd5f0, org.springframework.boot.test.mock.mockito.MockitoContextCustomizer@0, org.springframework.boot.test.web.client.TestRestTemplateContextCustomizer@63a52d6b], resourceBasePath = 'src/main/webapp', contextLoader = 'org.springframework.boot.test.context.SpringBootContextLoader', parent = [null]], attributes = map['org.springframework.test.context.web.ServletTestExecutionListener.activateListener' -> true, 'org.springframework.test.context.web.ServletTestExecutionListener.populatedRequestContextHolder' -> true, 'org.springframework.test.context.web.ServletTestExecutionListener.resetRequestContextHolder' -> true]]; transaction manager [org.springframework.orm.jpa.JpaTransactionManager@16433db6]; rollback [true]
2018-07-21 21:42:37.468  INFO 10476 --- [    Test worker] o.s.t.c.transaction.TransactionContext   : Rolled back transaction for test: [DefaultTestContext@262eb804 testClass = VehiculoValidacionesTest, testInstance = com.estacionamiento.VehiculoValidacionesTest@490568de, testMethod = ProbarParqueaderoConEspacioParaMotos@VehiculoValidacionesTest, testException = [null], mergedContextConfiguration = [WebMergedContextConfiguration@abd7646 testClass = VehiculoValidacionesTest, locations = '{}', classes = '{class com.estacionamiento.EstacionamientoApplication}', contextInitializerClasses = '[]', activeProfiles = '{}', propertySourceLocations = '{}', propertySourceProperties = '{org.springframework.boot.test.context.SpringBootTestContextBootstrapper=true}', contextCustomizers = set[org.springframework.boot.test.autoconfigure.properties.PropertyMappingContextCustomizer@0, org.springframework.boot.test.autoconfigure.web.servlet.WebDriverContextCustomizerFactory$Customizer@228f3069, org.springframework.boot.test.context.filter.ExcludeFilterContextCustomizer@ca88936, org.springframework.boot.test.json.DuplicateJsonObjectContextCustomizerFactory$DuplicateJsonObjectContextCustomizer@19dcd5f0, org.springframework.boot.test.mock.mockito.MockitoContextCustomizer@0, org.springframework.boot.test.web.client.TestRestTemplateContextCustomizer@63a52d6b], resourceBasePath = 'src/main/webapp', contextLoader = 'org.springframework.boot.test.context.SpringBootContextLoader', parent = [null]], attributes = map['org.springframework.test.context.web.ServletTestExecutionListener.activateListener' -> true, 'org.springframework.test.context.web.ServletTestExecutionListener.populatedRequestContextHolder' -> true, 'org.springframework.test.context.web.ServletTestExecutionListener.resetRequestContextHolder' -> true]]
2018-07-21 21:42:37.472  INFO 10476 --- [    Test worker] o.s.t.c.transaction.TransactionContext   : Began transaction (1) for test context [DefaultTestContext@262eb804 testClass = VehiculoValidacionesTest, testInstance = com.estacionamiento.VehiculoValidacionesTest@3f3f59f3, testMethod = ProbarParqueaderoSinEspacioParaMotos@VehiculoValidacionesTest, testException = [null], mergedContextConfiguration = [WebMergedContextConfiguration@abd7646 testClass = VehiculoValidacionesTest, locations = '{}', classes = '{class com.estacionamiento.EstacionamientoApplication}', contextInitializerClasses = '[]', activeProfiles = '{}', propertySourceLocations = '{}', propertySourceProperties = '{org.springframework.boot.test.context.SpringBootTestContextBootstrapper=true}', contextCustomizers = set[org.springframework.boot.test.autoconfigure.properties.PropertyMappingContextCustomizer@0, org.springframework.boot.test.autoconfigure.web.servlet.WebDriverContextCustomizerFactory$Customizer@228f3069, org.springframework.boot.test.context.filter.ExcludeFilterContextCustomizer@ca88936, org.springframework.boot.test.json.DuplicateJsonObjectContextCustomizerFactory$DuplicateJsonObjectContextCustomizer@19dcd5f0, org.springframework.boot.test.mock.mockito.MockitoContextCustomizer@0, org.springframework.boot.test.web.client.TestRestTemplateContextCustomizer@63a52d6b], resourceBasePath = 'src/main/webapp', contextLoader = 'org.springframework.boot.test.context.SpringBootContextLoader', parent = [null]], attributes = map['org.springframework.test.context.web.ServletTestExecutionListener.activateListener' -> true, 'org.springframework.test.context.web.ServletTestExecutionListener.populatedRequestContextHolder' -> true, 'org.springframework.test.context.web.ServletTestExecutionListener.resetRequestContextHolder' -> true]]; transaction manager [org.springframework.orm.jpa.JpaTransactionManager@16433db6]; rollback [true]
2018-07-21 21:42:37.475  INFO 10476 --- [    Test worker] o.s.t.c.transaction.TransactionContext   : Rolled back transaction for test: [DefaultTestContext@262eb804 testClass = VehiculoValidacionesTest, testInstance = com.estacionamiento.VehiculoValidacionesTest@3f3f59f3, testMethod = ProbarParqueaderoSinEspacioParaMotos@VehiculoValidacionesTest, testException = [null], mergedContextConfiguration = [WebMergedContextConfiguration@abd7646 testClass = VehiculoValidacionesTest, locations = '{}', classes = '{class com.estacionamiento.EstacionamientoApplication}', contextInitializerClasses = '[]', activeProfiles = '{}', propertySourceLocations = '{}', propertySourceProperties = '{org.springframework.boot.test.context.SpringBootTestContextBootstrapper=true}', contextCustomizers = set[org.springframework.boot.test.autoconfigure.properties.PropertyMappingContextCustomizer@0, org.springframework.boot.test.autoconfigure.web.servlet.WebDriverContextCustomizerFactory$Customizer@228f3069, org.springframework.boot.test.context.filter.ExcludeFilterContextCustomizer@ca88936, org.springframework.boot.test.json.DuplicateJsonObjectContextCustomizerFactory$DuplicateJsonObjectContextCustomizer@19dcd5f0, org.springframework.boot.test.mock.mockito.MockitoContextCustomizer@0, org.springframework.boot.test.web.client.TestRestTemplateContextCustomizer@63a52d6b], resourceBasePath = 'src/main/webapp', contextLoader = 'org.springframework.boot.test.context.SpringBootContextLoader', parent = [null]], attributes = map['org.springframework.test.context.web.ServletTestExecutionListener.activateListener' -> true, 'org.springframework.test.context.web.ServletTestExecutionListener.populatedRequestContextHolder' -> true, 'org.springframework.test.context.web.ServletTestExecutionListener.resetRequestContextHolder' -> true]]
2018-07-21 21:42:37.478  INFO 10476 --- [    Test worker] o.s.t.c.transaction.TransactionContext   : Began transaction (1) for test context [DefaultTestContext@262eb804 testClass = VehiculoValidacionesTest, testInstance = com.estacionamiento.VehiculoValidacionesTest@48f9359b, testMethod = ProbarParqueaderoSinEspacioParaCarros@VehiculoValidacionesTest, testException = [null], mergedContextConfiguration = [WebMergedContextConfiguration@abd7646 testClass = VehiculoValidacionesTest, locations = '{}', classes = '{class com.estacionamiento.EstacionamientoApplication}', contextInitializerClasses = '[]', activeProfiles = '{}', propertySourceLocations = '{}', propertySourceProperties = '{org.springframework.boot.test.context.SpringBootTestContextBootstrapper=true}', contextCustomizers = set[org.springframework.boot.test.autoconfigure.properties.PropertyMappingContextCustomizer@0, org.springframework.boot.test.autoconfigure.web.servlet.WebDriverContextCustomizerFactory$Customizer@228f3069, org.springframework.boot.test.context.filter.ExcludeFilterContextCustomizer@ca88936, org.springframework.boot.test.json.DuplicateJsonObjectContextCustomizerFactory$DuplicateJsonObjectContextCustomizer@19dcd5f0, org.springframework.boot.test.mock.mockito.MockitoContextCustomizer@0, org.springframework.boot.test.web.client.TestRestTemplateContextCustomizer@63a52d6b], resourceBasePath = 'src/main/webapp', contextLoader = 'org.springframework.boot.test.context.SpringBootContextLoader', parent = [null]], attributes = map['org.springframework.test.context.web.ServletTestExecutionListener.activateListener' -> true, 'org.springframework.test.context.web.ServletTestExecutionListener.populatedRequestContextHolder' -> true, 'org.springframework.test.context.web.ServletTestExecutionListener.resetRequestContextHolder' -> true]]; transaction manager [org.springframework.orm.jpa.JpaTransactionManager@16433db6]; rollback [true]
2018-07-21 21:42:37.483  INFO 10476 --- [    Test worker] o.s.t.c.transaction.TransactionContext   : Rolled back transaction for test: [DefaultTestContext@262eb804 testClass = VehiculoValidacionesTest, testInstance = com.estacionamiento.VehiculoValidacionesTest@48f9359b, testMethod = ProbarParqueaderoSinEspacioParaCarros@VehiculoValidacionesTest, testException = [null], mergedContextConfiguration = [WebMergedContextConfiguration@abd7646 testClass = VehiculoValidacionesTest, locations = '{}', classes = '{class com.estacionamiento.EstacionamientoApplication}', contextInitializerClasses = '[]', activeProfiles = '{}', propertySourceLocations = '{}', propertySourceProperties = '{org.springframework.boot.test.context.SpringBootTestContextBootstrapper=true}', contextCustomizers = set[org.springframework.boot.test.autoconfigure.properties.PropertyMappingContextCustomizer@0, org.springframework.boot.test.autoconfigure.web.servlet.WebDriverContextCustomizerFactory$Customizer@228f3069, org.springframework.boot.test.context.filter.ExcludeFilterContextCustomizer@ca88936, org.springframework.boot.test.json.DuplicateJsonObjectContextCustomizerFactory$DuplicateJsonObjectContextCustomizer@19dcd5f0, org.springframework.boot.test.mock.mockito.MockitoContextCustomizer@0, org.springframework.boot.test.web.client.TestRestTemplateContextCustomizer@63a52d6b], resourceBasePath = 'src/main/webapp', contextLoader = 'org.springframework.boot.test.context.SpringBootContextLoader', parent = [null]], attributes = map['org.springframework.test.context.web.ServletTestExecutionListener.activateListener' -> true, 'org.springframework.test.context.web.ServletTestExecutionListener.populatedRequestContextHolder' -> true, 'org.springframework.test.context.web.ServletTestExecutionListener.resetRequestContextHolder' -> true]]
2018-07-21 21:42:37.486  INFO 10476 --- [    Test worker] o.s.t.c.transaction.TransactionContext   : Began transaction (1) for test context [DefaultTestContext@262eb804 testClass = VehiculoValidacionesTest, testInstance = com.estacionamiento.VehiculoValidacionesTest@7e73fbf4, testMethod = ProbarParqueaderoConEspacioParaCarros@VehiculoValidacionesTest, testException = [null], mergedContextConfiguration = [WebMergedContextConfiguration@abd7646 testClass = VehiculoValidacionesTest, locations = '{}', classes = '{class com.estacionamiento.EstacionamientoApplication}', contextInitializerClasses = '[]', activeProfiles = '{}', propertySourceLocations = '{}', propertySourceProperties = '{org.springframework.boot.test.context.SpringBootTestContextBootstrapper=true}', contextCustomizers = set[org.springframework.boot.test.autoconfigure.properties.PropertyMappingContextCustomizer@0, org.springframework.boot.test.autoconfigure.web.servlet.WebDriverContextCustomizerFactory$Customizer@228f3069, org.springframework.boot.test.context.filter.ExcludeFilterContextCustomizer@ca88936, org.springframework.boot.test.json.DuplicateJsonObjectContextCustomizerFactory$DuplicateJsonObjectContextCustomizer@19dcd5f0, org.springframework.boot.test.mock.mockito.MockitoContextCustomizer@0, org.springframework.boot.test.web.client.TestRestTemplateContextCustomizer@63a52d6b], resourceBasePath = 'src/main/webapp', contextLoader = 'org.springframework.boot.test.context.SpringBootContextLoader', parent = [null]], attributes = map['org.springframework.test.context.web.ServletTestExecutionListener.activateListener' -> true, 'org.springframework.test.context.web.ServletTestExecutionListener.populatedRequestContextHolder' -> true, 'org.springframework.test.context.web.ServletTestExecutionListener.resetRequestContextHolder' -> true]]; transaction manager [org.springframework.orm.jpa.JpaTransactionManager@16433db6]; rollback [true]
2018-07-21 21:42:37.490  INFO 10476 --- [    Test worker] o.s.t.c.transaction.TransactionContext   : Rolled back transaction for test: [DefaultTestContext@262eb804 testClass = VehiculoValidacionesTest, testInstance = com.estacionamiento.VehiculoValidacionesTest@7e73fbf4, testMethod = ProbarParqueaderoConEspacioParaCarros@VehiculoValidacionesTest, testException = [null], mergedContextConfiguration = [WebMergedContextConfiguration@abd7646 testClass = VehiculoValidacionesTest, locations = '{}', classes = '{class com.estacionamiento.EstacionamientoApplication}', contextInitializerClasses = '[]', activeProfiles = '{}', propertySourceLocations = '{}', propertySourceProperties = '{org.springframework.boot.test.context.SpringBootTestContextBootstrapper=true}', contextCustomizers = set[org.springframework.boot.test.autoconfigure.properties.PropertyMappingContextCustomizer@0, org.springframework.boot.test.autoconfigure.web.servlet.WebDriverContextCustomizerFactory$Customizer@228f3069, org.springframework.boot.test.context.filter.ExcludeFilterContextCustomizer@ca88936, org.springframework.boot.test.json.DuplicateJsonObjectContextCustomizerFactory$DuplicateJsonObjectContextCustomizer@19dcd5f0, org.springframework.boot.test.mock.mockito.MockitoContextCustomizer@0, org.springframework.boot.test.web.client.TestRestTemplateContextCustomizer@63a52d6b], resourceBasePath = 'src/main/webapp', contextLoader = 'org.springframework.boot.test.context.SpringBootContextLoader', parent = [null]], attributes = map['org.springframework.test.context.web.ServletTestExecutionListener.activateListener' -> true, 'org.springframework.test.context.web.ServletTestExecutionListener.populatedRequestContextHolder' -> true, 'org.springframework.test.context.web.ServletTestExecutionListener.resetRequestContextHolder' -> true]]
]]></system-out>
  <system-err><![CDATA[]]></system-err>
</testsuite>
