<?xml version="1.0" encoding="UTF-8"?>
<testsuite name="com.estacionamiento.VehiculoValidacionesTest" tests="5" skipped="0" failures="0" errors="0" timestamp="2018-07-17T15:37:31" hostname="TATIANA-ZAPATA" time="0.052">
  <properties/>
  <testcase name="ProbarDiaPermitido" classname="com.estacionamiento.VehiculoValidacionesTest" time="0.011"/>
  <testcase name="ProbarParqueaderoConEspacioParaMotos" classname="com.estacionamiento.VehiculoValidacionesTest" time="0.02"/>
  <testcase name="ProbarParqueaderoSinEspacioParaMotos" classname="com.estacionamiento.VehiculoValidacionesTest" time="0.005"/>
  <testcase name="ProbarParqueaderoSinEspacioParaCarros" classname="com.estacionamiento.VehiculoValidacionesTest" time="0.005"/>
  <testcase name="ProbarParqueaderoConEspacioParaCarros" classname="com.estacionamiento.VehiculoValidacionesTest" time="0.004"/>
  <system-out><![CDATA[2018-07-17 10:37:30.985  INFO 5024 --- [    Test worker] .b.t.c.SpringBootTestContextBootstrapper : Neither @ContextConfiguration nor @ContextHierarchy found for test class [com.estacionamiento.VehiculoValidacionesTest], using SpringBootContextLoader
2018-07-17 10:37:30.986  INFO 5024 --- [    Test worker] o.s.t.c.support.AbstractContextLoader    : Could not detect default resource locations for test class [com.estacionamiento.VehiculoValidacionesTest]: no resource found for suffixes {-context.xml, Context.groovy}.
2018-07-17 10:37:30.986  INFO 5024 --- [    Test worker] t.c.s.AnnotationConfigContextLoaderUtils : Could not detect default configuration classes for test class [com.estacionamiento.VehiculoValidacionesTest]: VehiculoValidacionesTest does not declare any static, non-private, non-final, nested classes annotated with @Configuration.
2018-07-17 10:37:30.988  INFO 5024 --- [    Test worker] .b.t.c.SpringBootTestContextBootstrapper : Found @SpringBootConfiguration com.estacionamiento.EstacionamientoApplication for test class com.estacionamiento.VehiculoValidacionesTest
2018-07-17 10:37:30.990  INFO 5024 --- [    Test worker] .b.t.c.SpringBootTestContextBootstrapper : Loaded default TestExecutionListener class names from location [META-INF/spring.factories]: [org.springframework.boot.test.autoconfigure.restdocs.RestDocsTestExecutionListener, org.springframework.boot.test.autoconfigure.web.client.MockRestServiceServerResetTestExecutionListener, org.springframework.boot.test.autoconfigure.web.servlet.MockMvcPrintOnlyOnFailureTestExecutionListener, org.springframework.boot.test.autoconfigure.web.servlet.WebDriverTestExecutionListener, org.springframework.boot.test.mock.mockito.MockitoTestExecutionListener, org.springframework.boot.test.mock.mockito.ResetMocksTestExecutionListener, org.springframework.test.context.web.ServletTestExecutionListener, org.springframework.test.context.support.DirtiesContextBeforeModesTestExecutionListener, org.springframework.test.context.support.DependencyInjectionTestExecutionListener, org.springframework.test.context.support.DirtiesContextTestExecutionListener, org.springframework.test.context.transaction.TransactionalTestExecutionListener, org.springframework.test.context.jdbc.SqlScriptsTestExecutionListener]
2018-07-17 10:37:30.990  INFO 5024 --- [    Test worker] .b.t.c.SpringBootTestContextBootstrapper : Using TestExecutionListeners: [org.springframework.test.context.web.ServletTestExecutionListener@3f500c, org.springframework.test.context.support.DirtiesContextBeforeModesTestExecutionListener@6cb6b3, org.springframework.boot.test.mock.mockito.MockitoTestExecutionListener@b13b0b, org.springframework.boot.test.autoconfigure.SpringBootDependencyInjectionTestExecutionListener@1a6feda, org.springframework.test.context.support.DirtiesContextTestExecutionListener@1f57192, org.springframework.test.context.transaction.TransactionalTestExecutionListener@639bf1, org.springframework.test.context.jdbc.SqlScriptsTestExecutionListener@1218595, org.springframework.boot.test.autoconfigure.restdocs.RestDocsTestExecutionListener@145ea05, org.springframework.boot.test.autoconfigure.web.client.MockRestServiceServerResetTestExecutionListener@178659e, org.springframework.boot.test.autoconfigure.web.servlet.MockMvcPrintOnlyOnFailureTestExecutionListener@178d513, org.springframework.boot.test.autoconfigure.web.servlet.WebDriverTestExecutionListener@f2fd44, org.springframework.boot.test.mock.mockito.ResetMocksTestExecutionListener@77329d]
2018-07-17 10:37:31.576  INFO 5024 --- [    Test worker] o.s.t.c.transaction.TransactionContext   : Began transaction (1) for test context [DefaultTestContext@11472dc testClass = VehiculoValidacionesTest, testInstance = com.estacionamiento.VehiculoValidacionesTest@1d295b7, testMethod = ProbarDiaPermitido@VehiculoValidacionesTest, testException = [null], mergedContextConfiguration = [WebMergedContextConfiguration@1c22149 testClass = VehiculoValidacionesTest, locations = '{}', classes = '{class com.estacionamiento.EstacionamientoApplication}', contextInitializerClasses = '[]', activeProfiles = '{}', propertySourceLocations = '{}', propertySourceProperties = '{org.springframework.boot.test.context.SpringBootTestContextBootstrapper=true}', contextCustomizers = set[org.springframework.boot.test.autoconfigure.properties.PropertyMappingContextCustomizer@0, org.springframework.boot.test.autoconfigure.web.servlet.WebDriverContextCustomizerFactory$Customizer@ac81ee, org.springframework.boot.test.context.filter.ExcludeFilterContextCustomizer@166542f, org.springframework.boot.test.json.DuplicateJsonObjectContextCustomizerFactory$DuplicateJsonObjectContextCustomizer@6e1279, org.springframework.boot.test.mock.mockito.MockitoContextCustomizer@0, org.springframework.boot.test.web.client.TestRestTemplateContextCustomizer@1905a55], resourceBasePath = 'src/main/webapp', contextLoader = 'org.springframework.boot.test.context.SpringBootContextLoader', parent = [null]], attributes = map['org.springframework.test.context.web.ServletTestExecutionListener.activateListener' -> true, 'org.springframework.test.context.web.ServletTestExecutionListener.populatedRequestContextHolder' -> true, 'org.springframework.test.context.web.ServletTestExecutionListener.resetRequestContextHolder' -> true]]; transaction manager [org.springframework.orm.jpa.JpaTransactionManager@8bb9ce]; rollback [true]
2018-07-17 10:37:31.584  INFO 5024 --- [    Test worker] o.s.t.c.transaction.TransactionContext   : Rolled back transaction for test: [DefaultTestContext@11472dc testClass = VehiculoValidacionesTest, testInstance = com.estacionamiento.VehiculoValidacionesTest@1d295b7, testMethod = ProbarDiaPermitido@VehiculoValidacionesTest, testException = [null], mergedContextConfiguration = [WebMergedContextConfiguration@1c22149 testClass = VehiculoValidacionesTest, locations = '{}', classes = '{class com.estacionamiento.EstacionamientoApplication}', contextInitializerClasses = '[]', activeProfiles = '{}', propertySourceLocations = '{}', propertySourceProperties = '{org.springframework.boot.test.context.SpringBootTestContextBootstrapper=true}', contextCustomizers = set[org.springframework.boot.test.autoconfigure.properties.PropertyMappingContextCustomizer@0, org.springframework.boot.test.autoconfigure.web.servlet.WebDriverContextCustomizerFactory$Customizer@ac81ee, org.springframework.boot.test.context.filter.ExcludeFilterContextCustomizer@166542f, org.springframework.boot.test.json.DuplicateJsonObjectContextCustomizerFactory$DuplicateJsonObjectContextCustomizer@6e1279, org.springframework.boot.test.mock.mockito.MockitoContextCustomizer@0, org.springframework.boot.test.web.client.TestRestTemplateContextCustomizer@1905a55], resourceBasePath = 'src/main/webapp', contextLoader = 'org.springframework.boot.test.context.SpringBootContextLoader', parent = [null]], attributes = map['org.springframework.test.context.web.ServletTestExecutionListener.activateListener' -> true, 'org.springframework.test.context.web.ServletTestExecutionListener.populatedRequestContextHolder' -> true, 'org.springframework.test.context.web.ServletTestExecutionListener.resetRequestContextHolder' -> true]]
2018-07-17 10:37:31.587  INFO 5024 --- [    Test worker] o.s.t.c.transaction.TransactionContext   : Began transaction (1) for test context [DefaultTestContext@11472dc testClass = VehiculoValidacionesTest, testInstance = com.estacionamiento.VehiculoValidacionesTest@1f7ded2, testMethod = ProbarParqueaderoConEspacioParaMotos@VehiculoValidacionesTest, testException = [null], mergedContextConfiguration = [WebMergedContextConfiguration@1c22149 testClass = VehiculoValidacionesTest, locations = '{}', classes = '{class com.estacionamiento.EstacionamientoApplication}', contextInitializerClasses = '[]', activeProfiles = '{}', propertySourceLocations = '{}', propertySourceProperties = '{org.springframework.boot.test.context.SpringBootTestContextBootstrapper=true}', contextCustomizers = set[org.springframework.boot.test.autoconfigure.properties.PropertyMappingContextCustomizer@0, org.springframework.boot.test.autoconfigure.web.servlet.WebDriverContextCustomizerFactory$Customizer@ac81ee, org.springframework.boot.test.context.filter.ExcludeFilterContextCustomizer@166542f, org.springframework.boot.test.json.DuplicateJsonObjectContextCustomizerFactory$DuplicateJsonObjectContextCustomizer@6e1279, org.springframework.boot.test.mock.mockito.MockitoContextCustomizer@0, org.springframework.boot.test.web.client.TestRestTemplateContextCustomizer@1905a55], resourceBasePath = 'src/main/webapp', contextLoader = 'org.springframework.boot.test.context.SpringBootContextLoader', parent = [null]], attributes = map['org.springframework.test.context.web.ServletTestExecutionListener.activateListener' -> true, 'org.springframework.test.context.web.ServletTestExecutionListener.populatedRequestContextHolder' -> true, 'org.springframework.test.context.web.ServletTestExecutionListener.resetRequestContextHolder' -> true]]; transaction manager [org.springframework.orm.jpa.JpaTransactionManager@8bb9ce]; rollback [true]
2018-07-17 10:37:31.606  INFO 5024 --- [    Test worker] o.s.t.c.transaction.TransactionContext   : Rolled back transaction for test: [DefaultTestContext@11472dc testClass = VehiculoValidacionesTest, testInstance = com.estacionamiento.VehiculoValidacionesTest@1f7ded2, testMethod = ProbarParqueaderoConEspacioParaMotos@VehiculoValidacionesTest, testException = [null], mergedContextConfiguration = [WebMergedContextConfiguration@1c22149 testClass = VehiculoValidacionesTest, locations = '{}', classes = '{class com.estacionamiento.EstacionamientoApplication}', contextInitializerClasses = '[]', activeProfiles = '{}', propertySourceLocations = '{}', propertySourceProperties = '{org.springframework.boot.test.context.SpringBootTestContextBootstrapper=true}', contextCustomizers = set[org.springframework.boot.test.autoconfigure.properties.PropertyMappingContextCustomizer@0, org.springframework.boot.test.autoconfigure.web.servlet.WebDriverContextCustomizerFactory$Customizer@ac81ee, org.springframework.boot.test.context.filter.ExcludeFilterContextCustomizer@166542f, org.springframework.boot.test.json.DuplicateJsonObjectContextCustomizerFactory$DuplicateJsonObjectContextCustomizer@6e1279, org.springframework.boot.test.mock.mockito.MockitoContextCustomizer@0, org.springframework.boot.test.web.client.TestRestTemplateContextCustomizer@1905a55], resourceBasePath = 'src/main/webapp', contextLoader = 'org.springframework.boot.test.context.SpringBootContextLoader', parent = [null]], attributes = map['org.springframework.test.context.web.ServletTestExecutionListener.activateListener' -> true, 'org.springframework.test.context.web.ServletTestExecutionListener.populatedRequestContextHolder' -> true, 'org.springframework.test.context.web.ServletTestExecutionListener.resetRequestContextHolder' -> true]]
2018-07-17 10:37:31.609  INFO 5024 --- [    Test worker] o.s.t.c.transaction.TransactionContext   : Began transaction (1) for test context [DefaultTestContext@11472dc testClass = VehiculoValidacionesTest, testInstance = com.estacionamiento.VehiculoValidacionesTest@19cf189, testMethod = ProbarParqueaderoSinEspacioParaMotos@VehiculoValidacionesTest, testException = [null], mergedContextConfiguration = [WebMergedContextConfiguration@1c22149 testClass = VehiculoValidacionesTest, locations = '{}', classes = '{class com.estacionamiento.EstacionamientoApplication}', contextInitializerClasses = '[]', activeProfiles = '{}', propertySourceLocations = '{}', propertySourceProperties = '{org.springframework.boot.test.context.SpringBootTestContextBootstrapper=true}', contextCustomizers = set[org.springframework.boot.test.autoconfigure.properties.PropertyMappingContextCustomizer@0, org.springframework.boot.test.autoconfigure.web.servlet.WebDriverContextCustomizerFactory$Customizer@ac81ee, org.springframework.boot.test.context.filter.ExcludeFilterContextCustomizer@166542f, org.springframework.boot.test.json.DuplicateJsonObjectContextCustomizerFactory$DuplicateJsonObjectContextCustomizer@6e1279, org.springframework.boot.test.mock.mockito.MockitoContextCustomizer@0, org.springframework.boot.test.web.client.TestRestTemplateContextCustomizer@1905a55], resourceBasePath = 'src/main/webapp', contextLoader = 'org.springframework.boot.test.context.SpringBootContextLoader', parent = [null]], attributes = map['org.springframework.test.context.web.ServletTestExecutionListener.activateListener' -> true, 'org.springframework.test.context.web.ServletTestExecutionListener.populatedRequestContextHolder' -> true, 'org.springframework.test.context.web.ServletTestExecutionListener.resetRequestContextHolder' -> true]]; transaction manager [org.springframework.orm.jpa.JpaTransactionManager@8bb9ce]; rollback [true]
2018-07-17 10:37:31.613  INFO 5024 --- [    Test worker] o.s.t.c.transaction.TransactionContext   : Rolled back transaction for test: [DefaultTestContext@11472dc testClass = VehiculoValidacionesTest, testInstance = com.estacionamiento.VehiculoValidacionesTest@19cf189, testMethod = ProbarParqueaderoSinEspacioParaMotos@VehiculoValidacionesTest, testException = [null], mergedContextConfiguration = [WebMergedContextConfiguration@1c22149 testClass = VehiculoValidacionesTest, locations = '{}', classes = '{class com.estacionamiento.EstacionamientoApplication}', contextInitializerClasses = '[]', activeProfiles = '{}', propertySourceLocations = '{}', propertySourceProperties = '{org.springframework.boot.test.context.SpringBootTestContextBootstrapper=true}', contextCustomizers = set[org.springframework.boot.test.autoconfigure.properties.PropertyMappingContextCustomizer@0, org.springframework.boot.test.autoconfigure.web.servlet.WebDriverContextCustomizerFactory$Customizer@ac81ee, org.springframework.boot.test.context.filter.ExcludeFilterContextCustomizer@166542f, org.springframework.boot.test.json.DuplicateJsonObjectContextCustomizerFactory$DuplicateJsonObjectContextCustomizer@6e1279, org.springframework.boot.test.mock.mockito.MockitoContextCustomizer@0, org.springframework.boot.test.web.client.TestRestTemplateContextCustomizer@1905a55], resourceBasePath = 'src/main/webapp', contextLoader = 'org.springframework.boot.test.context.SpringBootContextLoader', parent = [null]], attributes = map['org.springframework.test.context.web.ServletTestExecutionListener.activateListener' -> true, 'org.springframework.test.context.web.ServletTestExecutionListener.populatedRequestContextHolder' -> true, 'org.springframework.test.context.web.ServletTestExecutionListener.resetRequestContextHolder' -> true]]
2018-07-17 10:37:31.616  INFO 5024 --- [    Test worker] o.s.t.c.transaction.TransactionContext   : Began transaction (1) for test context [DefaultTestContext@11472dc testClass = VehiculoValidacionesTest, testInstance = com.estacionamiento.VehiculoValidacionesTest@1988a49, testMethod = ProbarParqueaderoSinEspacioParaCarros@VehiculoValidacionesTest, testException = [null], mergedContextConfiguration = [WebMergedContextConfiguration@1c22149 testClass = VehiculoValidacionesTest, locations = '{}', classes = '{class com.estacionamiento.EstacionamientoApplication}', contextInitializerClasses = '[]', activeProfiles = '{}', propertySourceLocations = '{}', propertySourceProperties = '{org.springframework.boot.test.context.SpringBootTestContextBootstrapper=true}', contextCustomizers = set[org.springframework.boot.test.autoconfigure.properties.PropertyMappingContextCustomizer@0, org.springframework.boot.test.autoconfigure.web.servlet.WebDriverContextCustomizerFactory$Customizer@ac81ee, org.springframework.boot.test.context.filter.ExcludeFilterContextCustomizer@166542f, org.springframework.boot.test.json.DuplicateJsonObjectContextCustomizerFactory$DuplicateJsonObjectContextCustomizer@6e1279, org.springframework.boot.test.mock.mockito.MockitoContextCustomizer@0, org.springframework.boot.test.web.client.TestRestTemplateContextCustomizer@1905a55], resourceBasePath = 'src/main/webapp', contextLoader = 'org.springframework.boot.test.context.SpringBootContextLoader', parent = [null]], attributes = map['org.springframework.test.context.web.ServletTestExecutionListener.activateListener' -> true, 'org.springframework.test.context.web.ServletTestExecutionListener.populatedRequestContextHolder' -> true, 'org.springframework.test.context.web.ServletTestExecutionListener.resetRequestContextHolder' -> true]]; transaction manager [org.springframework.orm.jpa.JpaTransactionManager@8bb9ce]; rollback [true]
2018-07-17 10:37:31.620  INFO 5024 --- [    Test worker] o.s.t.c.transaction.TransactionContext   : Rolled back transaction for test: [DefaultTestContext@11472dc testClass = VehiculoValidacionesTest, testInstance = com.estacionamiento.VehiculoValidacionesTest@1988a49, testMethod = ProbarParqueaderoSinEspacioParaCarros@VehiculoValidacionesTest, testException = [null], mergedContextConfiguration = [WebMergedContextConfiguration@1c22149 testClass = VehiculoValidacionesTest, locations = '{}', classes = '{class com.estacionamiento.EstacionamientoApplication}', contextInitializerClasses = '[]', activeProfiles = '{}', propertySourceLocations = '{}', propertySourceProperties = '{org.springframework.boot.test.context.SpringBootTestContextBootstrapper=true}', contextCustomizers = set[org.springframework.boot.test.autoconfigure.properties.PropertyMappingContextCustomizer@0, org.springframework.boot.test.autoconfigure.web.servlet.WebDriverContextCustomizerFactory$Customizer@ac81ee, org.springframework.boot.test.context.filter.ExcludeFilterContextCustomizer@166542f, org.springframework.boot.test.json.DuplicateJsonObjectContextCustomizerFactory$DuplicateJsonObjectContextCustomizer@6e1279, org.springframework.boot.test.mock.mockito.MockitoContextCustomizer@0, org.springframework.boot.test.web.client.TestRestTemplateContextCustomizer@1905a55], resourceBasePath = 'src/main/webapp', contextLoader = 'org.springframework.boot.test.context.SpringBootContextLoader', parent = [null]], attributes = map['org.springframework.test.context.web.ServletTestExecutionListener.activateListener' -> true, 'org.springframework.test.context.web.ServletTestExecutionListener.populatedRequestContextHolder' -> true, 'org.springframework.test.context.web.ServletTestExecutionListener.resetRequestContextHolder' -> true]]
2018-07-17 10:37:31.623  INFO 5024 --- [    Test worker] o.s.t.c.transaction.TransactionContext   : Began transaction (1) for test context [DefaultTestContext@11472dc testClass = VehiculoValidacionesTest, testInstance = com.estacionamiento.VehiculoValidacionesTest@19b3171, testMethod = ProbarParqueaderoConEspacioParaCarros@VehiculoValidacionesTest, testException = [null], mergedContextConfiguration = [WebMergedContextConfiguration@1c22149 testClass = VehiculoValidacionesTest, locations = '{}', classes = '{class com.estacionamiento.EstacionamientoApplication}', contextInitializerClasses = '[]', activeProfiles = '{}', propertySourceLocations = '{}', propertySourceProperties = '{org.springframework.boot.test.context.SpringBootTestContextBootstrapper=true}', contextCustomizers = set[org.springframework.boot.test.autoconfigure.properties.PropertyMappingContextCustomizer@0, org.springframework.boot.test.autoconfigure.web.servlet.WebDriverContextCustomizerFactory$Customizer@ac81ee, org.springframework.boot.test.context.filter.ExcludeFilterContextCustomizer@166542f, org.springframework.boot.test.json.DuplicateJsonObjectContextCustomizerFactory$DuplicateJsonObjectContextCustomizer@6e1279, org.springframework.boot.test.mock.mockito.MockitoContextCustomizer@0, org.springframework.boot.test.web.client.TestRestTemplateContextCustomizer@1905a55], resourceBasePath = 'src/main/webapp', contextLoader = 'org.springframework.boot.test.context.SpringBootContextLoader', parent = [null]], attributes = map['org.springframework.test.context.web.ServletTestExecutionListener.activateListener' -> true, 'org.springframework.test.context.web.ServletTestExecutionListener.populatedRequestContextHolder' -> true, 'org.springframework.test.context.web.ServletTestExecutionListener.resetRequestContextHolder' -> true]]; transaction manager [org.springframework.orm.jpa.JpaTransactionManager@8bb9ce]; rollback [true]
2018-07-17 10:37:31.626  INFO 5024 --- [    Test worker] o.s.t.c.transaction.TransactionContext   : Rolled back transaction for test: [DefaultTestContext@11472dc testClass = VehiculoValidacionesTest, testInstance = com.estacionamiento.VehiculoValidacionesTest@19b3171, testMethod = ProbarParqueaderoConEspacioParaCarros@VehiculoValidacionesTest, testException = [null], mergedContextConfiguration = [WebMergedContextConfiguration@1c22149 testClass = VehiculoValidacionesTest, locations = '{}', classes = '{class com.estacionamiento.EstacionamientoApplication}', contextInitializerClasses = '[]', activeProfiles = '{}', propertySourceLocations = '{}', propertySourceProperties = '{org.springframework.boot.test.context.SpringBootTestContextBootstrapper=true}', contextCustomizers = set[org.springframework.boot.test.autoconfigure.properties.PropertyMappingContextCustomizer@0, org.springframework.boot.test.autoconfigure.web.servlet.WebDriverContextCustomizerFactory$Customizer@ac81ee, org.springframework.boot.test.context.filter.ExcludeFilterContextCustomizer@166542f, org.springframework.boot.test.json.DuplicateJsonObjectContextCustomizerFactory$DuplicateJsonObjectContextCustomizer@6e1279, org.springframework.boot.test.mock.mockito.MockitoContextCustomizer@0, org.springframework.boot.test.web.client.TestRestTemplateContextCustomizer@1905a55], resourceBasePath = 'src/main/webapp', contextLoader = 'org.springframework.boot.test.context.SpringBootContextLoader', parent = [null]], attributes = map['org.springframework.test.context.web.ServletTestExecutionListener.activateListener' -> true, 'org.springframework.test.context.web.ServletTestExecutionListener.populatedRequestContextHolder' -> true, 'org.springframework.test.context.web.ServletTestExecutionListener.resetRequestContextHolder' -> true]]
]]></system-out>
  <system-err><![CDATA[]]></system-err>
</testsuite>
