<?xml version="1.0" encoding="UTF-8"?>
<testsuite name="com.estacionamiento.VehiculoOperacionesTest" tests="3" skipped="0" failures="0" errors="0" timestamp="2018-07-24T19:10:47" hostname="TATIANA-ZAPATA" time="0.182">
  <properties/>
  <testcase name="ingresarAEstacionamiento" classname="com.estacionamiento.VehiculoOperacionesTest" time="0.138"/>
  <testcase name="salirDeEstacionamiento" classname="com.estacionamiento.VehiculoOperacionesTest" time="0.035"/>
  <testcase name="vehiculoNoExiste" classname="com.estacionamiento.VehiculoOperacionesTest" time="0.007"/>
  <system-out><![CDATA[2018-07-24 14:10:47.552  INFO 4208 --- [    Test worker] .b.t.c.SpringBootTestContextBootstrapper : Neither @ContextConfiguration nor @ContextHierarchy found for test class [com.estacionamiento.VehiculoOperacionesTest], using SpringBootContextLoader
2018-07-24 14:10:47.553  INFO 4208 --- [    Test worker] o.s.t.c.support.AbstractContextLoader    : Could not detect default resource locations for test class [com.estacionamiento.VehiculoOperacionesTest]: no resource found for suffixes {-context.xml, Context.groovy}.
2018-07-24 14:10:47.553  INFO 4208 --- [    Test worker] t.c.s.AnnotationConfigContextLoaderUtils : Could not detect default configuration classes for test class [com.estacionamiento.VehiculoOperacionesTest]: VehiculoOperacionesTest does not declare any static, non-private, non-final, nested classes annotated with @Configuration.
2018-07-24 14:10:47.556  INFO 4208 --- [    Test worker] .b.t.c.SpringBootTestContextBootstrapper : Found @SpringBootConfiguration com.estacionamiento.EstacionamientoApplication for test class com.estacionamiento.VehiculoOperacionesTest
2018-07-24 14:10:47.558  INFO 4208 --- [    Test worker] .b.t.c.SpringBootTestContextBootstrapper : Loaded default TestExecutionListener class names from location [META-INF/spring.factories]: [org.springframework.boot.test.autoconfigure.restdocs.RestDocsTestExecutionListener, org.springframework.boot.test.autoconfigure.web.client.MockRestServiceServerResetTestExecutionListener, org.springframework.boot.test.autoconfigure.web.servlet.MockMvcPrintOnlyOnFailureTestExecutionListener, org.springframework.boot.test.autoconfigure.web.servlet.WebDriverTestExecutionListener, org.springframework.boot.test.mock.mockito.MockitoTestExecutionListener, org.springframework.boot.test.mock.mockito.ResetMocksTestExecutionListener, org.springframework.test.context.web.ServletTestExecutionListener, org.springframework.test.context.support.DirtiesContextBeforeModesTestExecutionListener, org.springframework.test.context.support.DependencyInjectionTestExecutionListener, org.springframework.test.context.support.DirtiesContextTestExecutionListener, org.springframework.test.context.transaction.TransactionalTestExecutionListener, org.springframework.test.context.jdbc.SqlScriptsTestExecutionListener]
2018-07-24 14:10:47.558  INFO 4208 --- [    Test worker] .b.t.c.SpringBootTestContextBootstrapper : Using TestExecutionListeners: [org.springframework.test.context.web.ServletTestExecutionListener@fe1013, org.springframework.test.context.support.DirtiesContextBeforeModesTestExecutionListener@fa87c6, org.springframework.boot.test.mock.mockito.MockitoTestExecutionListener@c3201e, org.springframework.boot.test.autoconfigure.SpringBootDependencyInjectionTestExecutionListener@9fde8, org.springframework.test.context.support.DirtiesContextTestExecutionListener@b908f2, org.springframework.test.context.transaction.TransactionalTestExecutionListener@6f61d4, org.springframework.test.context.jdbc.SqlScriptsTestExecutionListener@1176a17, org.springframework.boot.test.autoconfigure.restdocs.RestDocsTestExecutionListener@a23e20, org.springframework.boot.test.autoconfigure.web.client.MockRestServiceServerResetTestExecutionListener@465d5e, org.springframework.boot.test.autoconfigure.web.servlet.MockMvcPrintOnlyOnFailureTestExecutionListener@19cfb03, org.springframework.boot.test.autoconfigure.web.servlet.WebDriverTestExecutionListener@11b7ff5, org.springframework.boot.test.mock.mockito.ResetMocksTestExecutionListener@711bc8]
2018-07-24 14:10:47.569  INFO 4208 --- [    Test worker] o.s.t.c.transaction.TransactionContext   : Began transaction (1) for test context [DefaultTestContext@74203c testClass = VehiculoOperacionesTest, testInstance = com.estacionamiento.VehiculoOperacionesTest@a538f3, testMethod = ingresarAEstacionamiento@VehiculoOperacionesTest, testException = [null], mergedContextConfiguration = [WebMergedContextConfiguration@a739af testClass = VehiculoOperacionesTest, locations = '{}', classes = '{class com.estacionamiento.EstacionamientoApplication}', contextInitializerClasses = '[]', activeProfiles = '{}', propertySourceLocations = '{}', propertySourceProperties = '{org.springframework.boot.test.context.SpringBootTestContextBootstrapper=true}', contextCustomizers = set[org.springframework.boot.test.autoconfigure.properties.PropertyMappingContextCustomizer@c650c089, org.springframework.boot.test.autoconfigure.web.servlet.WebDriverContextCustomizerFactory$Customizer@12938f1, [ImportsContextCustomizer@1ca40db key = [org.springframework.boot.test.autoconfigure.jdbc.TestDatabaseAutoConfiguration, org.springframework.boot.autoconfigure.jdbc.DataSourceAutoConfiguration]], org.springframework.boot.test.context.filter.ExcludeFilterContextCustomizer@1d8b85a, org.springframework.boot.test.json.DuplicateJsonObjectContextCustomizerFactory$DuplicateJsonObjectContextCustomizer@164fe9c, org.springframework.boot.test.mock.mockito.MockitoContextCustomizer@0, org.springframework.boot.test.web.client.TestRestTemplateContextCustomizer@179eb4a], resourceBasePath = 'src/main/webapp', contextLoader = 'org.springframework.boot.test.context.SpringBootContextLoader', parent = [null]], attributes = map['org.springframework.test.context.web.ServletTestExecutionListener.activateListener' -> true, 'org.springframework.test.context.web.ServletTestExecutionListener.populatedRequestContextHolder' -> true, 'org.springframework.test.context.web.ServletTestExecutionListener.resetRequestContextHolder' -> true]]; transaction manager [org.springframework.orm.jpa.JpaTransactionManager@d00464]; rollback [true]
Hibernate: select tipovehicu0_.id_tipo as id_tipo1_1_0_, tipovehicu0_.descripcion as descripc2_1_0_ from tipo_vehiculo tipovehicu0_ where tipovehicu0_.id_tipo=?
Hibernate: insert into tipo_vehiculo (descripcion, id_tipo) values (?, ?)
Hibernate: Select count(*) from vehiculo where estado = 1 and fk_tipo_vehiculo = ?
Hibernate: select vehiculo0_.placa as placa1_2_0_, vehiculo0_.cilindraje as cilindra2_2_0_, vehiculo0_.fk_tipo_vehiculo as fk_tipo_3_2_0_, vehiculo0_.estado as estado4_2_0_, vehiculo0_.fecha_ingreso as fecha_in5_2_0_, tipovehicu1_.id_tipo as id_tipo1_1_1_, tipovehicu1_.descripcion as descripc2_1_1_ from vehiculo vehiculo0_ left outer join tipo_vehiculo tipovehicu1_ on vehiculo0_.fk_tipo_vehiculo=tipovehicu1_.id_tipo where vehiculo0_.placa=?
Hibernate: select vehiculo0_.placa as placa1_2_0_, vehiculo0_.cilindraje as cilindra2_2_0_, vehiculo0_.fk_tipo_vehiculo as fk_tipo_3_2_0_, vehiculo0_.estado as estado4_2_0_, vehiculo0_.fecha_ingreso as fecha_in5_2_0_ from vehiculo vehiculo0_ where vehiculo0_.placa=?
Hibernate: insert into vehiculo (cilindraje, fk_tipo_vehiculo, estado, fecha_ingreso, placa) values (?, ?, ?, ?, ?)
Hibernate: insert into historico_ingresos (fecha_ingreso, fecha_salida, fk_placa, precio) values (?, ?, ?, ?)
2018-07-24 14:10:47.705  INFO 4208 --- [    Test worker] o.s.t.c.transaction.TransactionContext   : Rolled back transaction for test: [DefaultTestContext@74203c testClass = VehiculoOperacionesTest, testInstance = com.estacionamiento.VehiculoOperacionesTest@a538f3, testMethod = ingresarAEstacionamiento@VehiculoOperacionesTest, testException = [null], mergedContextConfiguration = [WebMergedContextConfiguration@a739af testClass = VehiculoOperacionesTest, locations = '{}', classes = '{class com.estacionamiento.EstacionamientoApplication}', contextInitializerClasses = '[]', activeProfiles = '{}', propertySourceLocations = '{}', propertySourceProperties = '{org.springframework.boot.test.context.SpringBootTestContextBootstrapper=true}', contextCustomizers = set[org.springframework.boot.test.autoconfigure.properties.PropertyMappingContextCustomizer@c650c089, org.springframework.boot.test.autoconfigure.web.servlet.WebDriverContextCustomizerFactory$Customizer@12938f1, [ImportsContextCustomizer@1ca40db key = [org.springframework.boot.test.autoconfigure.jdbc.TestDatabaseAutoConfiguration, org.springframework.boot.autoconfigure.jdbc.DataSourceAutoConfiguration]], org.springframework.boot.test.context.filter.ExcludeFilterContextCustomizer@1d8b85a, org.springframework.boot.test.json.DuplicateJsonObjectContextCustomizerFactory$DuplicateJsonObjectContextCustomizer@164fe9c, org.springframework.boot.test.mock.mockito.MockitoContextCustomizer@0, org.springframework.boot.test.web.client.TestRestTemplateContextCustomizer@179eb4a], resourceBasePath = 'src/main/webapp', contextLoader = 'org.springframework.boot.test.context.SpringBootContextLoader', parent = [null]], attributes = map['org.springframework.test.context.web.ServletTestExecutionListener.activateListener' -> true, 'org.springframework.test.context.web.ServletTestExecutionListener.populatedRequestContextHolder' -> true, 'org.springframework.test.context.web.ServletTestExecutionListener.resetRequestContextHolder' -> true]]
2018-07-24 14:10:47.707  INFO 4208 --- [    Test worker] o.s.t.c.transaction.TransactionContext   : Began transaction (1) for test context [DefaultTestContext@74203c testClass = VehiculoOperacionesTest, testInstance = com.estacionamiento.VehiculoOperacionesTest@1363df7, testMethod = salirDeEstacionamiento@VehiculoOperacionesTest, testException = [null], mergedContextConfiguration = [WebMergedContextConfiguration@a739af testClass = VehiculoOperacionesTest, locations = '{}', classes = '{class com.estacionamiento.EstacionamientoApplication}', contextInitializerClasses = '[]', activeProfiles = '{}', propertySourceLocations = '{}', propertySourceProperties = '{org.springframework.boot.test.context.SpringBootTestContextBootstrapper=true}', contextCustomizers = set[org.springframework.boot.test.autoconfigure.properties.PropertyMappingContextCustomizer@c650c089, org.springframework.boot.test.autoconfigure.web.servlet.WebDriverContextCustomizerFactory$Customizer@12938f1, [ImportsContextCustomizer@1ca40db key = [org.springframework.boot.test.autoconfigure.jdbc.TestDatabaseAutoConfiguration, org.springframework.boot.autoconfigure.jdbc.DataSourceAutoConfiguration]], org.springframework.boot.test.context.filter.ExcludeFilterContextCustomizer@1d8b85a, org.springframework.boot.test.json.DuplicateJsonObjectContextCustomizerFactory$DuplicateJsonObjectContextCustomizer@164fe9c, org.springframework.boot.test.mock.mockito.MockitoContextCustomizer@0, org.springframework.boot.test.web.client.TestRestTemplateContextCustomizer@179eb4a], resourceBasePath = 'src/main/webapp', contextLoader = 'org.springframework.boot.test.context.SpringBootContextLoader', parent = [null]], attributes = map['org.springframework.test.context.web.ServletTestExecutionListener.activateListener' -> true, 'org.springframework.test.context.web.ServletTestExecutionListener.populatedRequestContextHolder' -> true, 'org.springframework.test.context.web.ServletTestExecutionListener.resetRequestContextHolder' -> true]]; transaction manager [org.springframework.orm.jpa.JpaTransactionManager@d00464]; rollback [true]
Hibernate: select tipovehicu0_.id_tipo as id_tipo1_1_0_, tipovehicu0_.descripcion as descripc2_1_0_ from tipo_vehiculo tipovehicu0_ where tipovehicu0_.id_tipo=?
Hibernate: insert into tipo_vehiculo (descripcion, id_tipo) values (?, ?)
Hibernate: Select count(*) from vehiculo where estado = 1 and fk_tipo_vehiculo = ?
Hibernate: select vehiculo0_.placa as placa1_2_0_, vehiculo0_.cilindraje as cilindra2_2_0_, vehiculo0_.fk_tipo_vehiculo as fk_tipo_3_2_0_, vehiculo0_.estado as estado4_2_0_, vehiculo0_.fecha_ingreso as fecha_in5_2_0_, tipovehicu1_.id_tipo as id_tipo1_1_1_, tipovehicu1_.descripcion as descripc2_1_1_ from vehiculo vehiculo0_ left outer join tipo_vehiculo tipovehicu1_ on vehiculo0_.fk_tipo_vehiculo=tipovehicu1_.id_tipo where vehiculo0_.placa=?
Hibernate: select vehiculo0_.placa as placa1_2_0_, vehiculo0_.cilindraje as cilindra2_2_0_, vehiculo0_.fk_tipo_vehiculo as fk_tipo_3_2_0_, vehiculo0_.estado as estado4_2_0_, vehiculo0_.fecha_ingreso as fecha_in5_2_0_ from vehiculo vehiculo0_ where vehiculo0_.placa=?
Hibernate: insert into vehiculo (cilindraje, fk_tipo_vehiculo, estado, fecha_ingreso, placa) values (?, ?, ?, ?, ?)
Hibernate: insert into historico_ingresos (fecha_ingreso, fecha_salida, fk_placa, precio) values (?, ?, ?, ?)
Hibernate: select historicoi0_.id_historico as id_histo1_0_, historicoi0_.fecha_ingreso as fecha_in2_0_, historicoi0_.fecha_salida as fecha_sa3_0_, historicoi0_.fk_placa as fk_placa4_0_, historicoi0_.precio as precio5_0_ from historico_ingresos historicoi0_ where historicoi0_.fk_placa=? order by historicoi0_.fecha_ingreso desc limit ?
2018-07-24 14:10:47.741  INFO 4208 --- [    Test worker] o.s.t.c.transaction.TransactionContext   : Rolled back transaction for test: [DefaultTestContext@74203c testClass = VehiculoOperacionesTest, testInstance = com.estacionamiento.VehiculoOperacionesTest@1363df7, testMethod = salirDeEstacionamiento@VehiculoOperacionesTest, testException = [null], mergedContextConfiguration = [WebMergedContextConfiguration@a739af testClass = VehiculoOperacionesTest, locations = '{}', classes = '{class com.estacionamiento.EstacionamientoApplication}', contextInitializerClasses = '[]', activeProfiles = '{}', propertySourceLocations = '{}', propertySourceProperties = '{org.springframework.boot.test.context.SpringBootTestContextBootstrapper=true}', contextCustomizers = set[org.springframework.boot.test.autoconfigure.properties.PropertyMappingContextCustomizer@c650c089, org.springframework.boot.test.autoconfigure.web.servlet.WebDriverContextCustomizerFactory$Customizer@12938f1, [ImportsContextCustomizer@1ca40db key = [org.springframework.boot.test.autoconfigure.jdbc.TestDatabaseAutoConfiguration, org.springframework.boot.autoconfigure.jdbc.DataSourceAutoConfiguration]], org.springframework.boot.test.context.filter.ExcludeFilterContextCustomizer@1d8b85a, org.springframework.boot.test.json.DuplicateJsonObjectContextCustomizerFactory$DuplicateJsonObjectContextCustomizer@164fe9c, org.springframework.boot.test.mock.mockito.MockitoContextCustomizer@0, org.springframework.boot.test.web.client.TestRestTemplateContextCustomizer@179eb4a], resourceBasePath = 'src/main/webapp', contextLoader = 'org.springframework.boot.test.context.SpringBootContextLoader', parent = [null]], attributes = map['org.springframework.test.context.web.ServletTestExecutionListener.activateListener' -> true, 'org.springframework.test.context.web.ServletTestExecutionListener.populatedRequestContextHolder' -> true, 'org.springframework.test.context.web.ServletTestExecutionListener.resetRequestContextHolder' -> true]]
2018-07-24 14:10:47.744  INFO 4208 --- [    Test worker] o.s.t.c.transaction.TransactionContext   : Began transaction (1) for test context [DefaultTestContext@74203c testClass = VehiculoOperacionesTest, testInstance = com.estacionamiento.VehiculoOperacionesTest@1ab5134, testMethod = vehiculoNoExiste@VehiculoOperacionesTest, testException = [null], mergedContextConfiguration = [WebMergedContextConfiguration@a739af testClass = VehiculoOperacionesTest, locations = '{}', classes = '{class com.estacionamiento.EstacionamientoApplication}', contextInitializerClasses = '[]', activeProfiles = '{}', propertySourceLocations = '{}', propertySourceProperties = '{org.springframework.boot.test.context.SpringBootTestContextBootstrapper=true}', contextCustomizers = set[org.springframework.boot.test.autoconfigure.properties.PropertyMappingContextCustomizer@c650c089, org.springframework.boot.test.autoconfigure.web.servlet.WebDriverContextCustomizerFactory$Customizer@12938f1, [ImportsContextCustomizer@1ca40db key = [org.springframework.boot.test.autoconfigure.jdbc.TestDatabaseAutoConfiguration, org.springframework.boot.autoconfigure.jdbc.DataSourceAutoConfiguration]], org.springframework.boot.test.context.filter.ExcludeFilterContextCustomizer@1d8b85a, org.springframework.boot.test.json.DuplicateJsonObjectContextCustomizerFactory$DuplicateJsonObjectContextCustomizer@164fe9c, org.springframework.boot.test.mock.mockito.MockitoContextCustomizer@0, org.springframework.boot.test.web.client.TestRestTemplateContextCustomizer@179eb4a], resourceBasePath = 'src/main/webapp', contextLoader = 'org.springframework.boot.test.context.SpringBootContextLoader', parent = [null]], attributes = map['org.springframework.test.context.web.ServletTestExecutionListener.activateListener' -> true, 'org.springframework.test.context.web.ServletTestExecutionListener.populatedRequestContextHolder' -> true, 'org.springframework.test.context.web.ServletTestExecutionListener.resetRequestContextHolder' -> true]]; transaction manager [org.springframework.orm.jpa.JpaTransactionManager@d00464]; rollback [true]
Hibernate: select vehiculo0_.placa as placa1_2_0_, vehiculo0_.cilindraje as cilindra2_2_0_, vehiculo0_.fk_tipo_vehiculo as fk_tipo_3_2_0_, vehiculo0_.estado as estado4_2_0_, vehiculo0_.fecha_ingreso as fecha_in5_2_0_, tipovehicu1_.id_tipo as id_tipo1_1_1_, tipovehicu1_.descripcion as descripc2_1_1_ from vehiculo vehiculo0_ left outer join tipo_vehiculo tipovehicu1_ on vehiculo0_.fk_tipo_vehiculo=tipovehicu1_.id_tipo where vehiculo0_.placa=?
2018-07-24 14:10:47.747  INFO 4208 --- [    Test worker] c.e.controllers.VehiculosController      :  -------------------- Error en calcularTotalAPagar: com.estacionamiento.excepciones.VehiculoNoExiste: No existe un vehiculo con esa placa
2018-07-24 14:10:47.749  INFO 4208 --- [    Test worker] o.s.t.c.transaction.TransactionContext   : Rolled back transaction for test: [DefaultTestContext@74203c testClass = VehiculoOperacionesTest, testInstance = com.estacionamiento.VehiculoOperacionesTest@1ab5134, testMethod = vehiculoNoExiste@VehiculoOperacionesTest, testException = [null], mergedContextConfiguration = [WebMergedContextConfiguration@a739af testClass = VehiculoOperacionesTest, locations = '{}', classes = '{class com.estacionamiento.EstacionamientoApplication}', contextInitializerClasses = '[]', activeProfiles = '{}', propertySourceLocations = '{}', propertySourceProperties = '{org.springframework.boot.test.context.SpringBootTestContextBootstrapper=true}', contextCustomizers = set[org.springframework.boot.test.autoconfigure.properties.PropertyMappingContextCustomizer@c650c089, org.springframework.boot.test.autoconfigure.web.servlet.WebDriverContextCustomizerFactory$Customizer@12938f1, [ImportsContextCustomizer@1ca40db key = [org.springframework.boot.test.autoconfigure.jdbc.TestDatabaseAutoConfiguration, org.springframework.boot.autoconfigure.jdbc.DataSourceAutoConfiguration]], org.springframework.boot.test.context.filter.ExcludeFilterContextCustomizer@1d8b85a, org.springframework.boot.test.json.DuplicateJsonObjectContextCustomizerFactory$DuplicateJsonObjectContextCustomizer@164fe9c, org.springframework.boot.test.mock.mockito.MockitoContextCustomizer@0, org.springframework.boot.test.web.client.TestRestTemplateContextCustomizer@179eb4a], resourceBasePath = 'src/main/webapp', contextLoader = 'org.springframework.boot.test.context.SpringBootContextLoader', parent = [null]], attributes = map['org.springframework.test.context.web.ServletTestExecutionListener.activateListener' -> true, 'org.springframework.test.context.web.ServletTestExecutionListener.populatedRequestContextHolder' -> true, 'org.springframework.test.context.web.ServletTestExecutionListener.resetRequestContextHolder' -> true]]
]]></system-out>
  <system-err><![CDATA[]]></system-err>
</testsuite>
