<?xml version="1.0" encoding="UTF-8"?>
<testsuite name="com.estacionamiento.EstacionamientoApplicationTests" tests="1" skipped="0" failures="0" errors="0" timestamp="2018-07-13T20:23:56" hostname="TATIANA-ZAPATA" time="0.001">
  <properties/>
  <testcase name="contextLoads" classname="com.estacionamiento.EstacionamientoApplicationTests" time="0.001"/>
  <system-out><![CDATA[]]></system-out>
  <system-err><![CDATA[]]></system-err>
</testsuite>
