<?xml version="1.0" encoding="UTF-8"?>
<testsuite name="com.estacionamiento.VehiculoValidacionesTest" tests="6" skipped="0" failures="0" errors="0" timestamp="2018-07-24T19:10:47" hostname="TATIANA-ZAPATA" time="0.54">
  <properties/>
  <testcase name="ProbarDiaPermitido" classname="com.estacionamiento.VehiculoValidacionesTest" time="0.521"/>
  <testcase name="ProbarParqueaderoConEspacioParaMotos" classname="com.estacionamiento.VehiculoValidacionesTest" time="0.015"/>
  <testcase name="ProbarParqueaderoSinEspacioParaMotos" classname="com.estacionamiento.VehiculoValidacionesTest" time="0.001"/>
  <testcase name="ProbarParqueaderoSinEspacioParaCarros" classname="com.estacionamiento.VehiculoValidacionesTest" time="0.001"/>
  <testcase name="ProbarParqueaderoConEspacioParaCarros" classname="com.estacionamiento.VehiculoValidacionesTest" time="0.001"/>
  <testcase name="ValidarPlacaA" classname="com.estacionamiento.VehiculoValidacionesTest" time="0.0"/>
  <system-out><![CDATA[]]></system-out>
  <system-err><![CDATA[]]></system-err>
</testsuite>
